2022-10-08 04:17:56.014 (0x7ffeeb38bc70) Warning: QCoreApplication::postEvent: Unexpected null receiver
2022-10-08 04:17:56.042 (0x7ffeeb38bc70) Warning: QCoreApplication::postEvent: Unexpected null receiver
2022-10-08 04:17:56.042 (0x7ffeeb38bc70) Debug: XdgDesktopFile "/usr/share/applications/wps-office-wps.desktop" is not valid
2022-10-08 04:17:56.077 (0x7ffeeb38bc70) Warning: QWidget::setLayout: Attempting to set QLayout "" on UKUIStorageFrame "", which already has a layout
2022-10-08 04:17:56.341 (0x7ffeeb38bc70) Debug: QLocale::system().name(): "en_US"
2022-10-08 04:17:56.342 (0x7ffeeb38bc70) Debug: showCalendar: 3
2022-10-08 04:17:56.669 (0x7ffeeb38bc70) Warning: QWidget::setMinimumSize: (WorldClockContent/CalendarActiveLabel) Negative sizes (104,-3) are not possible
2022-10-08 04:17:57.779 (0x7ffeeb38bc70) Warning: QDBusAbstractAdaptor: Cannot relay signal UKUITaskBar::buttonRotationRefreshed(bool,IUKUIPanel::Position): Unregistered input type in parameter list: IUKUIPanel::Position
2022-10-08 04:17:57.779 (0x7ffeeb38bc70) Warning: QWidget::setMinimumSize: (WorldClockContent/CalendarActiveLabel) Negative sizes (104,-3) are not possible
2022-10-08 04:39:16.627 (0x7fffe5fbf850) Warning: QCoreApplication::postEvent: Unexpected null receiver
2022-10-08 04:39:16.674 (0x7fffe5fbf850) Warning: QCoreApplication::postEvent: Unexpected null receiver
2022-10-08 04:39:16.676 (0x7fffe5fbf850) Debug: XdgDesktopFile "/usr/share/applications/wps-office-wps.desktop" is not valid
2022-10-08 04:39:16.746 (0x7fffe5fbf850) Warning: QWidget::setLayout: Attempting to set QLayout "" on UKUIStorageFrame "", which already has a layout
2022-10-08 04:39:17.020 (0x7fffe5fbf850) Debug: QLocale::system().name(): "en_US"
2022-10-08 04:39:17.020 (0x7fffe5fbf850) Debug: showCalendar: 3
2022-10-08 04:39:17.404 (0x7fffe5fbf850) Warning: QWidget::setMinimumSize: (WorldClockContent/CalendarActiveLabel) Negative sizes (104,-3) are not possible
2022-10-08 04:39:18.554 (0x7fffe5fbf850) Warning: QDBusAbstractAdaptor: Cannot relay signal UKUITaskBar::buttonRotationRefreshed(bool,IUKUIPanel::Position): Unregistered input type in parameter list: IUKUIPanel::Position
2022-10-08 04:39:18.554 (0x7fffe5fbf850) Warning: QWidget::setMinimumSize: (WorldClockContent/CalendarActiveLabel) Negative sizes (104,-3) are not possible
2022-10-08 04:42:11.386 (0x7ffc9880ef80) Warning: QCoreApplication::postEvent: Unexpected null receiver
2022-10-08 04:42:11.409 (0x7ffc9880ef80) Warning: QCoreApplication::postEvent: Unexpected null receiver
2022-10-08 04:42:11.409 (0x7ffc9880ef80) Debug: XdgDesktopFile "/usr/share/applications/wps-office-wps.desktop" is not valid
2022-10-08 04:42:11.455 (0x7ffc9880ef80) Warning: QWidget::setLayout: Attempting to set QLayout "" on UKUIStorageFrame "", which already has a layout
2022-10-08 04:42:11.700 (0x7ffc9880ef80) Debug: QLocale::system().name(): "en_US"
2022-10-08 04:42:11.700 (0x7ffc9880ef80) Debug: showCalendar: 3
2022-10-08 04:42:11.981 (0x7ffc9880ef80) Warning: QWidget::setMinimumSize: (WorldClockContent/CalendarActiveLabel) Negative sizes (104,-3) are not possible
2022-10-08 04:42:13.190 (0x7ffc9880ef80) Warning: QDBusAbstractAdaptor: Cannot relay signal UKUITaskBar::buttonRotationRefreshed(bool,IUKUIPanel::Position): Unregistered input type in parameter list: IUKUIPanel::Position
2022-10-08 04:42:13.191 (0x7ffc9880ef80) Warning: QWidget::setMinimumSize: (WorldClockContent/CalendarActiveLabel) Negative sizes (104,-3) are not possible
2022-10-08 06:52:26.284 (0x7ffca8bf6900) Warning: QCoreApplication::postEvent: Unexpected null receiver
2022-10-08 06:52:26.317 (0x7ffca8bf6900) Warning: QCoreApplication::postEvent: Unexpected null receiver
2022-10-08 06:52:26.397 (0x7ffca8bf6900) Warning: QWidget::setLayout: Attempting to set QLayout "" on UKUIStorageFrame "", which already has a layout
2022-10-08 06:52:26.813 (0x7ffca8bf6900) Debug: QLocale::system().name(): "en_US"
2022-10-08 06:52:26.813 (0x7ffca8bf6900) Debug: showCalendar: 3
2022-10-08 06:52:27.103 (0x7ffca8bf6900) Warning: QWidget::setMinimumSize: (WorldClockContent/CalendarActiveLabel) Negative sizes (104,-3) are not possible
2022-10-08 06:52:28.224 (0x7ffca8bf6900) Warning: QDBusAbstractAdaptor: Cannot relay signal UKUITaskBar::buttonRotationRefreshed(bool,IUKUIPanel::Position): Unregistered input type in parameter list: IUKUIPanel::Position
2022-10-08 06:52:28.225 (0x7ffca8bf6900) Warning: QWidget::setMinimumSize: (WorldClockContent/CalendarActiveLabel) Negative sizes (104,-3) are not possible
2022-10-15 21:38:06.080 (0x7ffcabeea820) Warning: QCoreApplication::postEvent: Unexpected null receiver
2022-10-15 21:38:06.083 (0x7ffcabeea820) Warning: QCoreApplication::postEvent: Unexpected null receiver
2022-10-15 21:38:06.111 (0x7ffcabeea820) Warning: QWidget::setLayout: Attempting to set QLayout "" on UKUIStorageFrame "", which already has a layout
2022-10-15 21:38:06.216 (0x7ffcabeea820) Debug: QLocale::system().name(): "en_US"
2022-10-15 21:38:06.216 (0x7ffcabeea820) Debug: showCalendar: 3
2022-10-15 21:38:06.323 (0x7ffcabeea820) Warning: QWidget::setMinimumSize: (WorldClockContent/CalendarActiveLabel) Negative sizes (104,-3) are not possible
2022-10-15 21:38:07.337 (0x7ffcabeea820) Warning: QDBusAbstractAdaptor: Cannot relay signal UKUITaskBar::buttonRotationRefreshed(bool,IUKUIPanel::Position): Unregistered input type in parameter list: IUKUIPanel::Position
2022-10-15 21:38:07.337 (0x7ffcabeea820) Warning: QWidget::setMinimumSize: (WorldClockContent/CalendarActiveLabel) Negative sizes (104,-3) are not possible
2022-12-02 16:05:16.884 (0x7ffc56d10ca0) Warning: QCoreApplication::postEvent: Unexpected null receiver
2022-12-02 16:05:16.980 (0x7ffc56d10ca0) Warning: QCoreApplication::postEvent: Unexpected null receiver
2022-12-02 16:05:17.456 (0x7ffc56d10ca0) Warning: QWidget::setLayout: Attempting to set QLayout "" on UKUIStorageFrame "", which already has a layout
2022-12-02 16:05:17.842 (0x7ffc56d10ca0) Debug: QLocale::system().name(): "zh_CN"
2022-12-02 16:05:17.843 (0x7ffc56d10ca0) Debug: showCalendar: 3
2022-12-02 16:05:18.216 (0x7ffc56d10ca0) Warning: QWidget::setMinimumSize: (WorldClockContent/CalendarActiveLabel) Negative sizes (104,-3) are not possible
2022-12-02 16:05:19.071 (0x7ffc56d10ca0) Warning: QDBusAbstractAdaptor: Cannot relay signal UKUITaskBar::buttonRotationRefreshed(bool,IUKUIPanel::Position): Unregistered input type in parameter list: IUKUIPanel::Position
2022-12-02 16:05:19.071 (0x7ffc56d10ca0) Warning: QWidget::setMinimumSize: (WorldClockContent/CalendarActiveLabel) Negative sizes (104,-3) are not possible
2022-12-06 08:48:56.076 (0x7ffee2570b60) Warning: QCoreApplication::postEvent: Unexpected null receiver
2022-12-06 08:48:56.198 (0x7ffee2570b60) Warning: QCoreApplication::postEvent: Unexpected null receiver
2022-12-06 08:48:56.392 (0x7ffee2570b60) Warning: QWidget::setLayout: Attempting to set QLayout "" on UKUIStorageFrame "", which already has a layout
2022-12-06 08:48:56.826 (0x7ffee2570b60) Debug: QLocale::system().name(): "zh_CN"
2022-12-06 08:48:56.826 (0x7ffee2570b60) Debug: showCalendar: 3
2022-12-06 08:48:57.669 (0x7ffee2570b60) Warning: QWidget::setMinimumSize: (WorldClockContent/CalendarActiveLabel) Negative sizes (104,-3) are not possible
2022-12-06 08:48:59.895 (0x7ffee2570b60) Warning: QDBusAbstractAdaptor: Cannot relay signal UKUITaskBar::buttonRotationRefreshed(bool,IUKUIPanel::Position): Unregistered input type in parameter list: IUKUIPanel::Position
2022-12-06 08:48:59.896 (0x7ffee2570b60) Warning: QWidget::setMinimumSize: (WorldClockContent/CalendarActiveLabel) Negative sizes (104,-3) are not possible
2022-12-17 19:58:20.781 (0x7ffc40d1a900) Warning: QCoreApplication::postEvent: Unexpected null receiver
2022-12-17 19:58:20.862 (0x7ffc40d1a900) Warning: QCoreApplication::postEvent: Unexpected null receiver
2022-12-17 19:58:21.006 (0x7ffc40d1a900) Warning: QWidget::setLayout: Attempting to set QLayout "" on UKUIStorageFrame "", which already has a layout
2022-12-17 19:58:21.276 (0x7ffc40d1a900) Debug: QLocale::system().name(): "zh_CN"
2022-12-17 19:58:21.276 (0x7ffc40d1a900) Debug: showCalendar: 3
2022-12-17 19:58:21.729 (0x7ffc40d1a900) Warning: QWidget::setMinimumSize: (WorldClockContent/CalendarActiveLabel) Negative sizes (104,-3) are not possible
2022-12-17 19:58:22.913 (0x7ffc40d1a900) Warning: QDBusAbstractAdaptor: Cannot relay signal UKUITaskBar::buttonRotationRefreshed(bool,IUKUIPanel::Position): Unregistered input type in parameter list: IUKUIPanel::Position
2022-12-17 19:58:22.915 (0x7ffc40d1a900) Warning: QWidget::setMinimumSize: (WorldClockContent/CalendarActiveLabel) Negative sizes (104,-3) are not possible
2022-12-21 19:43:23.190 (0x7ffcc7fbcce0) Warning: QCoreApplication::postEvent: Unexpected null receiver
2022-12-21 19:43:23.242 (0x7ffcc7fbcce0) Warning: QCoreApplication::postEvent: Unexpected null receiver
2022-12-21 19:43:23.315 (0x7ffcc7fbcce0) Warning: QWidget::setLayout: Attempting to set QLayout "" on UKUIStorageFrame "", which already has a layout
2022-12-21 19:43:23.689 (0x7ffcc7fbcce0) Debug: QLocale::system().name(): "zh_CN"
2022-12-21 19:43:23.689 (0x7ffcc7fbcce0) Debug: showCalendar: 3
2022-12-21 19:43:24.228 (0x7ffcc7fbcce0) Warning: QWidget::setMinimumSize: (WorldClockContent/CalendarActiveLabel) Negative sizes (104,-3) are not possible
2022-12-21 19:43:25.279 (0x7ffcc7fbcce0) Warning: QDBusAbstractAdaptor: Cannot relay signal UKUITaskBar::buttonRotationRefreshed(bool,IUKUIPanel::Position): Unregistered input type in parameter list: IUKUIPanel::Position
2022-12-21 19:43:25.309 (0x7ffcc7fbcce0) Warning: QWidget::setMinimumSize: (WorldClockContent/CalendarActiveLabel) Negative sizes (104,-3) are not possible
