Warning: QDBusAbstractAdaptor: Cannot relay signal UKUITaskBar::buttonRotationRefreshed(bool,IUKUIPanel::Position): Unregistered input type in parameter list: IUKUIPanel::Position
Warning: QDBusAbstractAdaptor: Cannot relay signal UKUITaskBar::buttonRotationRefreshed(bool,IUKUIPanel::Position): Unregistered input type in parameter list: IUKUIPanel::Position
Warning: QDBusAbstractAdaptor: Cannot relay signal UKUITaskBar::buttonRotationRefreshed(bool,IUKUIPanel::Position): Unregistered input type in parameter list: IUKUIPanel::Position
Warning: QDBusAbstractAdaptor: Cannot relay signal UKUITaskBar::buttonRotationRefreshed(bool,IUKUIPanel::Position): Unregistered input type in parameter list: IUKUIPanel::Position
Warning: QDBusAbstractAdaptor: Cannot relay signal UKUITaskBar::buttonRotationRefreshed(bool,IUKUIPanel::Position): Unregistered input type in parameter list: IUKUIPanel::Position
Warning: QDBusAbstractAdaptor: Cannot relay signal UKUITaskBar::buttonRotationRefreshed(bool,IUKUIPanel::Position): Unregistered input type in parameter list: IUKUIPanel::Position
Debug: we don't show balloon messages.
Warning: QDBusAbstractAdaptor: Cannot relay signal UKUITaskBar::buttonRotationRefreshed(bool,IUKUIPanel::Position): Unregistered input type in parameter list: IUKUIPanel::Position
Debug: we don't show balloon messages.
Warning: QDBusAbstractAdaptor: Cannot relay signal UKUITaskBar::buttonRotationRefreshed(bool,IUKUIPanel::Position): Unregistered input type in parameter list: IUKUIPanel::Position
Debug: we don't show balloon messages.
Debug: we don't show balloon messages.
Debug: we don't show balloon messages.
Warning: QDBusAbstractAdaptor: Cannot relay signal UKUITaskBar::buttonRotationRefreshed(bool,IUKUIPanel::Position): Unregistered input type in parameter list: IUKUIPanel::Position
Debug: get error action
Warning: get error action
Warning: QDBusAbstractAdaptor: Cannot relay signal UKUITaskBar::buttonRotationRefreshed(bool,IUKUIPanel::Position): Unregistered input type in parameter list: IUKUIPanel::Position
Debug: get error action
Warning: get error action
Debug: we don't show balloon messages.
Debug: get error action
Warning: get error action
Debug: get error action
Warning: get error action
Warning: QDBusAbstractAdaptor: Cannot relay signal UKUITaskBar::buttonRotationRefreshed(bool,IUKUIPanel::Position): Unregistered input type in parameter list: IUKUIPanel::Position
Debug: we don't show balloon messages.
Debug: inter moveIconToStorage
Debug: inter moveIconToStorage
Debug: get error action
Warning: get error action
Debug: we don't show balloon messages.
Debug: inter moveIconToStorage
Debug: inter moveIconToStorage
Debug: inter moveIconToStorage
Warning: QDBusAbstractAdaptor: Cannot relay signal UKUITaskBar::buttonRotationRefreshed(bool,IUKUIPanel::Position): Unregistered input type in parameter list: IUKUIPanel::Position
Warning: QObject::connect: No such signal UKUITaskWidget::clicked()
Warning: QObject::connect:  (receiver name: 'Check-new-release-gtk')
Warning: QDBusAbstractAdaptor: Cannot relay signal UKUITaskBar::buttonRotationRefreshed(bool,IUKUIPanel::Position): Unregistered input type in parameter list: IUKUIPanel::Position
Debug: we don't show balloon messages.
Debug: we don't show balloon messages.
Debug: we don't show balloon messages.
Debug: we don't show balloon messages.
Debug: inter moveIconToStorage
Debug: inter moveIconToStorage
Debug: inter moveIconToStorage
Debug: inter moveIconToStorage
Debug: inter moveIconToStorage
Debug: inter moveIconToStorage
Debug: inter moveIconToStorage
Debug: get error action
Warning: get error action
Debug: get error action
Warning: get error action
Debug: get error action
Warning: get error action
Debug: get error action
Warning: get error action
Debug: get error action
Warning: get error action
Warning: QObject::connect: No such signal UKUITaskWidget::clicked()
Warning: QObject::connect:  (receiver name: 'Update-manager')
Warning: QDBusAbstractAdaptor: Cannot relay signal UKUITaskBar::buttonRotationRefreshed(bool,IUKUIPanel::Position): Unregistered input type in parameter list: IUKUIPanel::Position
Warning: QDBusAbstractAdaptor: Cannot relay signal UKUITaskBar::buttonRotationRefreshed(bool,IUKUIPanel::Position): Unregistered input type in parameter list: IUKUIPanel::Position
Warning: QObject::connect: No such signal UKUITaskWidget::clicked()
Warning: QObject::connect:  (receiver name: 'peony-qt')
Warning: QDBusAbstractAdaptor: Cannot relay signal UKUITaskBar::buttonRotationRefreshed(bool,IUKUIPanel::Position): Unregistered input type in parameter list: IUKUIPanel::Position
Warning: QDBusAbstractAdaptor: Cannot relay signal UKUITaskBar::buttonRotationRefreshed(bool,IUKUIPanel::Position): Unregistered input type in parameter list: IUKUIPanel::Position
Warning: QDBusAbstractAdaptor: Cannot relay signal UKUITaskBar::buttonRotationRefreshed(bool,IUKUIPanel::Position): Unregistered input type in parameter list: IUKUIPanel::Position
Warning: QDBusAbstractAdaptor: Cannot relay signal UKUITaskBar::buttonRotationRefreshed(bool,IUKUIPanel::Position): Unregistered input type in parameter list: IUKUIPanel::Position
Warning: QDBusAbstractAdaptor: Cannot relay signal UKUITaskBar::buttonRotationRefreshed(bool,IUKUIPanel::Position): Unregistered input type in parameter list: IUKUIPanel::Position
Warning: QDBusAbstractAdaptor: Cannot relay signal UKUITaskBar::buttonRotationRefreshed(bool,IUKUIPanel::Position): Unregistered input type in parameter list: IUKUIPanel::Position
Warning: QDBusAbstractAdaptor: Cannot relay signal UKUITaskBar::buttonRotationRefreshed(bool,IUKUIPanel::Position): Unregistered input type in parameter list: IUKUIPanel::Position
Warning: QDBusAbstractAdaptor: Cannot relay signal UKUITaskBar::buttonRotationRefreshed(bool,IUKUIPanel::Position): Unregistered input type in parameter list: IUKUIPanel::Position
Warning: QDBusAbstractAdaptor: Cannot relay signal UKUITaskBar::buttonRotationRefreshed(bool,IUKUIPanel::Position): Unregistered input type in parameter list: IUKUIPanel::Position
Warning: QDBusAbstractAdaptor: Cannot relay signal UKUITaskBar::buttonRotationRefreshed(bool,IUKUIPanel::Position): Unregistered input type in parameter list: IUKUIPanel::Position
Warning: QObject::connect: No such signal UKUITaskWidget::clicked()
Warning: QObject::connect:  (receiver name: 'polkit-ukui-authentication-agent-1')
Warning: QDBusAbstractAdaptor: Cannot relay signal UKUITaskBar::buttonRotationRefreshed(bool,IUKUIPanel::Position): Unregistered input type in parameter list: IUKUIPanel::Position
Warning: QDBusAbstractAdaptor: Cannot relay signal UKUITaskBar::buttonRotationRefreshed(bool,IUKUIPanel::Position): Unregistered input type in parameter list: IUKUIPanel::Position
Warning: QDBusAbstractAdaptor: Cannot relay signal UKUITaskBar::popupShown(UKUITaskGroup*): Pointers are not supported: UKUITaskGroup*
Warning: QObject::connect: No such signal UKUITaskWidget::clicked()
Warning: QObject::connect:  (receiver name: 'peony-qt')
Warning: QDBusAbstractAdaptor: Cannot relay signal UKUITaskBar::buttonRotationRefreshed(bool,IUKUIPanel::Position): Unregistered input type in parameter list: IUKUIPanel::Position
Warning: QDBusAbstractAdaptor: Cannot relay signal UKUITaskBar::buttonRotationRefreshed(bool,IUKUIPanel::Position): Unregistered input type in parameter list: IUKUIPanel::Position
Warning: QDBusAbstractAdaptor: Cannot relay signal UKUITaskBar::buttonRotationRefreshed(bool,IUKUIPanel::Position): Unregistered input type in parameter list: IUKUIPanel::Position
Warning: QDBusAbstractAdaptor: Cannot relay signal UKUITaskBar::buttonRotationRefreshed(bool,IUKUIPanel::Position): Unregistered input type in parameter list: IUKUIPanel::Position
Warning: QDBusAbstractAdaptor: Cannot relay signal UKUITaskBar::buttonRotationRefreshed(bool,IUKUIPanel::Position): Unregistered input type in parameter list: IUKUIPanel::Position
Warning: QDBusAbstractAdaptor: Cannot relay signal UKUITaskBar::buttonRotationRefreshed(bool,IUKUIPanel::Position): Unregistered input type in parameter list: IUKUIPanel::Position
Warning: QDBusAbstractAdaptor: Cannot relay signal UKUITaskBar::buttonRotationRefreshed(bool,IUKUIPanel::Position): Unregistered input type in parameter list: IUKUIPanel::Position
Debug: we don't show balloon messages.
Warning: QDBusAbstractAdaptor: Cannot relay signal UKUITaskBar::buttonRotationRefreshed(bool,IUKUIPanel::Position): Unregistered input type in parameter list: IUKUIPanel::Position
Debug: we don't show balloon messages.
Warning: QDBusAbstractAdaptor: Cannot relay signal UKUITaskBar::buttonRotationRefreshed(bool,IUKUIPanel::Position): Unregistered input type in parameter list: IUKUIPanel::Position
Debug: we don't show balloon messages.
Warning: QDBusAbstractAdaptor: Cannot relay signal UKUITaskBar::buttonRotationRefreshed(bool,IUKUIPanel::Position): Unregistered input type in parameter list: IUKUIPanel::Position
Warning: QDBusAbstractAdaptor: Cannot relay signal UKUITaskBar::buttonRotationRefreshed(bool,IUKUIPanel::Position): Unregistered input type in parameter list: IUKUIPanel::Position
Debug: we don't show balloon messages.
Debug: we don't show balloon messages.
Debug: we don't show balloon messages.
Debug: we don't show balloon messages.
Warning: QDBusAbstractAdaptor: Cannot relay signal UKUITaskBar::buttonRotationRefreshed(bool,IUKUIPanel::Position): Unregistered input type in parameter list: IUKUIPanel::Position
Debug: inter moveIconToStorage
Debug: inter moveIconToStorage
Debug: inter moveIconToStorage
Warning: QDBusAbstractAdaptor: Cannot relay signal UKUITaskBar::buttonRotationRefreshed(bool,IUKUIPanel::Position): Unregistered input type in parameter list: IUKUIPanel::Position
Debug: get error action
Warning: get error action
Debug: we don't show balloon messages.
Debug: inter moveIconToStorage
Debug: inter moveIconToStorage
Debug: inter moveIconToStorage
Debug: we don't show balloon messages.
Debug: we don't show balloon messages.
Debug: we don't show balloon messages.
Debug: we don't show balloon messages.
Debug: inter moveIconToStorage
Debug: inter moveIconToStorage
Debug: inter moveIconToStorage
Debug: inter moveIconToStorage
Debug: inter moveIconToStorage
Debug: inter moveIconToStorage
Debug: get error action
Warning: get error action
Debug: get error action
Warning: get error action
Debug: get error action
Warning: get error action
Debug: get error action
Warning: get error action
Warning: QDBusAbstractAdaptor: Cannot relay signal UKUITaskBar::buttonRotationRefreshed(bool,IUKUIPanel::Position): Unregistered input type in parameter list: IUKUIPanel::Position
Warning: QDBusAbstractAdaptor: Cannot relay signal UKUITaskBar::buttonRotationRefreshed(bool,IUKUIPanel::Position): Unregistered input type in parameter list: IUKUIPanel::Position
Warning: QDBusAbstractAdaptor: Cannot relay signal UKUITaskBar::buttonRotationRefreshed(bool,IUKUIPanel::Position): Unregistered input type in parameter list: IUKUIPanel::Position
Warning: QDBusAbstractAdaptor: Cannot relay signal UKUITaskBar::buttonRotationRefreshed(bool,IUKUIPanel::Position): Unregistered input type in parameter list: IUKUIPanel::Position
Warning: QDBusAbstractAdaptor: Cannot relay signal UKUITaskBar::buttonRotationRefreshed(bool,IUKUIPanel::Position): Unregistered input type in parameter list: IUKUIPanel::Position
Debug: we don't show balloon messages.
Warning: QDBusAbstractAdaptor: Cannot relay signal UKUITaskBar::buttonRotationRefreshed(bool,IUKUIPanel::Position): Unregistered input type in parameter list: IUKUIPanel::Position
Debug: we don't show balloon messages.
Debug: we don't show balloon messages.
Warning: QDBusAbstractAdaptor: Cannot relay signal UKUITaskBar::buttonRotationRefreshed(bool,IUKUIPanel::Position): Unregistered input type in parameter list: IUKUIPanel::Position
Warning: QDBusAbstractAdaptor: Cannot relay signal UKUITaskBar::buttonRotationRefreshed(bool,IUKUIPanel::Position): Unregistered input type in parameter list: IUKUIPanel::Position
Debug: we don't show balloon messages.
Debug: we don't show balloon messages.
Debug: we don't show balloon messages.
Warning: QDBusAbstractAdaptor: Cannot relay signal UKUITaskBar::buttonRotationRefreshed(bool,IUKUIPanel::Position): Unregistered input type in parameter list: IUKUIPanel::Position
Debug: get error action
Warning: get error action
Debug: get error action
Warning: get error action
Debug: we don't show balloon messages.
Warning: QDBusAbstractAdaptor: Cannot relay signal UKUITaskBar::buttonRotationRefreshed(bool,IUKUIPanel::Position): Unregistered input type in parameter list: IUKUIPanel::Position
Debug: inter moveIconToStorage
Debug: we don't show balloon messages.
Debug: inter moveIconToStorage
Debug: inter moveIconToStorage
Debug: we don't show balloon messages.
Debug: we don't show balloon messages.
Debug: we don't show balloon messages.
Debug: we don't show balloon messages.
Debug: inter moveIconToStorage
Debug: inter moveIconToStorage
Debug: inter moveIconToStorage
Debug: inter moveIconToStorage
Debug: get error action
Warning: get error action
Debug: get error action
Warning: get error action
Debug: get error action
Warning: get error action
Debug: get error action
Warning: get error action
Debug: get error action
Warning: get error action
Debug: get error action
Warning: get error action
Debug: get error action
Warning: get error action
Debug: get error action
Warning: get error action
Debug: get error action
Warning: get error action
Warning: QObject::connect: No such signal UKUITaskWidget::clicked()
Warning: QObject::connect:  (receiver name: 'peony-qt')
Warning: QDBusAbstractAdaptor: Cannot relay signal UKUITaskBar::buttonRotationRefreshed(bool,IUKUIPanel::Position): Unregistered input type in parameter list: IUKUIPanel::Position
Warning: QDBusAbstractAdaptor: Cannot relay signal UKUITaskBar::buttonRotationRefreshed(bool,IUKUIPanel::Position): Unregistered input type in parameter list: IUKUIPanel::Position
Warning: QDBusAbstractAdaptor: Cannot relay signal UKUITaskBar::buttonRotationRefreshed(bool,IUKUIPanel::Position): Unregistered input type in parameter list: IUKUIPanel::Position
Warning: QObject::connect: No such signal UKUITaskWidget::clicked()
Warning: QObject::connect:  (receiver name: 'Mate-terminal')
Warning: QDBusAbstractAdaptor: Cannot relay signal UKUITaskBar::buttonRotationRefreshed(bool,IUKUIPanel::Position): Unregistered input type in parameter list: IUKUIPanel::Position
Warning: QObject::connect: No such signal UKUITaskWidget::clicked()
Warning: QObject::connect:  (receiver name: 'Mate-terminal')
Warning: QDBusAbstractAdaptor: Cannot relay signal UKUITaskBar::buttonRotationRefreshed(bool,IUKUIPanel::Position): Unregistered input type in parameter list: IUKUIPanel::Position
Warning: QObject::connect: No such signal UKUITaskWidget::clicked()
Warning: QObject::connect:  (receiver name: 'Mate-terminal')
Warning: QDBusAbstractAdaptor: Cannot relay signal UKUITaskBar::buttonRotationRefreshed(bool,IUKUIPanel::Position): Unregistered input type in parameter list: IUKUIPanel::Position
Warning: QDBusAbstractAdaptor: Cannot relay signal UKUITaskBar::buttonRotationRefreshed(bool,IUKUIPanel::Position): Unregistered input type in parameter list: IUKUIPanel::Position
Warning: QDBusAbstractAdaptor: Cannot relay signal UKUITaskBar::buttonRotationRefreshed(bool,IUKUIPanel::Position): Unregistered input type in parameter list: IUKUIPanel::Position
Warning: QDBusAbstractAdaptor: Cannot relay signal UKUITaskBar::buttonRotationRefreshed(bool,IUKUIPanel::Position): Unregistered input type in parameter list: IUKUIPanel::Position
Warning: QObject::connect: No such signal UKUITaskWidget::clicked()
Warning: QObject::connect:  (receiver name: 'Mate-terminal')
Warning: QDBusAbstractAdaptor: Cannot relay signal UKUITaskBar::buttonRotationRefreshed(bool,IUKUIPanel::Position): Unregistered input type in parameter list: IUKUIPanel::Position
Warning: QObject::connect: No such signal UKUITaskWidget::clicked()
Warning: QObject::connect:  (receiver name: 'Mate-terminal')
Warning: QDBusAbstractAdaptor: Cannot relay signal UKUITaskBar::buttonRotationRefreshed(bool,IUKUIPanel::Position): Unregistered input type in parameter list: IUKUIPanel::Position
Warning: QObject::connect: No such signal UKUITaskWidget::clicked()
Warning: QObject::connect:  (receiver name: 'Mate-terminal')
Warning: QDBusAbstractAdaptor: Cannot relay signal UKUITaskBar::buttonRotationRefreshed(bool,IUKUIPanel::Position): Unregistered input type in parameter list: IUKUIPanel::Position
Warning: QObject::connect: No such signal UKUITaskWidget::clicked()
Warning: QObject::connect:  (receiver name: 'Mate-terminal')
Warning: QDBusAbstractAdaptor: Cannot relay signal UKUITaskBar::buttonRotationRefreshed(bool,IUKUIPanel::Position): Unregistered input type in parameter list: IUKUIPanel::Position
Warning: QDBusAbstractAdaptor: Cannot relay signal UKUITaskBar::buttonRotationRefreshed(bool,IUKUIPanel::Position): Unregistered input type in parameter list: IUKUIPanel::Position
Warning: QDBusAbstractAdaptor: Cannot relay signal UKUITaskBar::buttonRotationRefreshed(bool,IUKUIPanel::Position): Unregistered input type in parameter list: IUKUIPanel::Position
Warning: QDBusAbstractAdaptor: Cannot relay signal UKUITaskBar::buttonRotationRefreshed(bool,IUKUIPanel::Position): Unregistered input type in parameter list: IUKUIPanel::Position
Warning: QDBusAbstractAdaptor: Cannot relay signal UKUITaskBar::popupShown(UKUITaskGroup*): Pointers are not supported: UKUITaskGroup*
Debug: 0
Debug: 1
Debug: 0
Debug: 1
Debug: 0
Debug: 1
Debug: 0
Debug: 1
Debug: 0
Debug: 1
Debug: 0
Debug: 1
Debug: 0
Debug: 1
Debug: 0
Debug: 1
Debug: 0
Debug: 1
Debug: 0
Debug: 1
Debug: 0
Debug: 1
Warning: QDBusAbstractAdaptor: Cannot relay signal UKUITaskBar::buttonRotationRefreshed(bool,IUKUIPanel::Position): Unregistered input type in parameter list: IUKUIPanel::Position
Debug: we don't show balloon messages.
Debug: get error action
Warning: get error action
Debug: get error action
Warning: get error action
Debug: get error action
Warning: get error action
Debug: get error action
Warning: get error action
Debug: inter moveIconToStorage
Debug: inter moveIconToStorage
Debug: inter moveIconToStorage
Debug: inter moveIconToStorage
Warning: QDBusAbstractAdaptor: Cannot relay signal UKUITaskBar::buttonRotationRefreshed(bool,IUKUIPanel::Position): Unregistered input type in parameter list: IUKUIPanel::Position
Debug: 0
Debug: 1
Debug: 0
Debug: 1
Debug: 0
Debug: 1
Debug: 0
Debug: 1
Debug: 0
Debug: 1
Debug: 0
Debug: 1
Warning: QDBusAbstractAdaptor: Cannot relay signal UKUITaskBar::buttonRotationRefreshed(bool,IUKUIPanel::Position): Unregistered input type in parameter list: IUKUIPanel::Position
Warning: QDBusAbstractAdaptor: Cannot relay signal UKUITaskBar::buttonRotationRefreshed(bool,IUKUIPanel::Position): Unregistered input type in parameter list: IUKUIPanel::Position
Warning: QDBusAbstractAdaptor: Cannot relay signal UKUITaskBar::buttonRotationRefreshed(bool,IUKUIPanel::Position): Unregistered input type in parameter list: IUKUIPanel::Position
Warning: QDBusAbstractAdaptor: Cannot relay signal UKUITaskBar::buttonRotationRefreshed(bool,IUKUIPanel::Position): Unregistered input type in parameter list: IUKUIPanel::Position
Warning: QDBusAbstractAdaptor: Cannot relay signal UKUITaskBar::buttonRotationRefreshed(bool,IUKUIPanel::Position): Unregistered input type in parameter list: IUKUIPanel::Position
Debug: we don't show balloon messages.
Warning: QDBusAbstractAdaptor: Cannot relay signal UKUITaskBar::buttonRotationRefreshed(bool,IUKUIPanel::Position): Unregistered input type in parameter list: IUKUIPanel::Position
Debug: we don't show balloon messages.
Warning: QDBusAbstractAdaptor: Cannot relay signal UKUITaskBar::buttonRotationRefreshed(bool,IUKUIPanel::Position): Unregistered input type in parameter list: IUKUIPanel::Position
Debug: we don't show balloon messages.
Warning: QDBusAbstractAdaptor: Cannot relay signal UKUITaskBar::buttonRotationRefreshed(bool,IUKUIPanel::Position): Unregistered input type in parameter list: IUKUIPanel::Position
Warning: Error handler 12 BadColor (invalid Colormap parameter)
Warning: * Not icon_swallow                     *
Warning: QDBusAbstractAdaptor: Cannot relay signal UKUITaskBar::buttonRotationRefreshed(bool,IUKUIPanel::Position): Unregistered input type in parameter list: IUKUIPanel::Position
Debug: we don't show balloon messages.
Debug: we don't show balloon messages.
Debug: inter moveIconToStorage
Warning: QDBusAbstractAdaptor: Cannot relay signal UKUITaskBar::buttonRotationRefreshed(bool,IUKUIPanel::Position): Unregistered input type in parameter list: IUKUIPanel::Position
Debug: we don't show balloon messages.
Debug: inter moveIconToStorage
Warning: QDBusAbstractAdaptor: Cannot relay signal UKUITaskBar::buttonRotationRefreshed(bool,IUKUIPanel::Position): Unregistered input type in parameter list: IUKUIPanel::Position
Debug: we don't show balloon messages.
Debug: inter moveIconToStorage
Debug: inter moveIconToStorage
Warning: QDBusAbstractAdaptor: Cannot relay signal UKUITaskBar::buttonRotationRefreshed(bool,IUKUIPanel::Position): Unregistered input type in parameter list: IUKUIPanel::Position
Debug: we don't show balloon messages.
Debug: inter moveIconToStorage
Debug: inter moveIconToStorage
Debug: inter moveIconToStorage
Debug: we don't show balloon messages.
Debug: we don't show balloon messages.
Debug: we don't show balloon messages.
Debug: we don't show balloon messages.
Debug: inter moveIconToStorage
Debug: inter moveIconToStorage
Debug: inter moveIconToStorage
Debug: inter moveIconToStorage
Debug: inter moveIconToStorage
Debug: inter moveIconToStorage
Debug: get error action
Warning: get error action
Debug: get error action
Warning: get error action
Debug: get error action
Warning: get error action
Debug: get error action
Warning: get error action
Warning: QObject::connect: No such signal UKUITaskWidget::clicked()
Warning: QObject::connect:  (receiver name: 'Mate-terminal')
Warning: QDBusAbstractAdaptor: Cannot relay signal UKUITaskBar::buttonRotationRefreshed(bool,IUKUIPanel::Position): Unregistered input type in parameter list: IUKUIPanel::Position
Warning: QDBusAbstractAdaptor: Cannot relay signal UKUITaskBar::buttonRotationRefreshed(bool,IUKUIPanel::Position): Unregistered input type in parameter list: IUKUIPanel::Position
Warning: QDBusAbstractAdaptor: Cannot relay signal UKUITaskBar::buttonRotationRefreshed(bool,IUKUIPanel::Position): Unregistered input type in parameter list: IUKUIPanel::Position
Warning: QDBusAbstractAdaptor: Cannot relay signal UKUITaskBar::buttonRotationRefreshed(bool,IUKUIPanel::Position): Unregistered input type in parameter list: IUKUIPanel::Position
Warning: QDBusAbstractAdaptor: Cannot relay signal UKUITaskBar::buttonRotationRefreshed(bool,IUKUIPanel::Position): Unregistered input type in parameter list: IUKUIPanel::Position
Warning: QDBusAbstractAdaptor: Cannot relay signal UKUITaskBar::buttonRotationRefreshed(bool,IUKUIPanel::Position): Unregistered input type in parameter list: IUKUIPanel::Position
Warning: QDBusAbstractAdaptor: Cannot relay signal UKUITaskBar::buttonRotationRefreshed(bool,IUKUIPanel::Position): Unregistered input type in parameter list: IUKUIPanel::Position
Warning: QDBusAbstractAdaptor: Cannot relay signal UKUITaskBar::buttonRotationRefreshed(bool,IUKUIPanel::Position): Unregistered input type in parameter list: IUKUIPanel::Position
Warning: QDBusAbstractAdaptor: Cannot relay signal UKUITaskBar::buttonRotationRefreshed(bool,IUKUIPanel::Position): Unregistered input type in parameter list: IUKUIPanel::Position
Warning: QDBusAbstractAdaptor: Cannot relay signal UKUITaskBar::buttonRotationRefreshed(bool,IUKUIPanel::Position): Unregistered input type in parameter list: IUKUIPanel::Position
Warning: QDBusAbstractAdaptor: Cannot relay signal UKUITaskBar::buttonRotationRefreshed(bool,IUKUIPanel::Position): Unregistered input type in parameter list: IUKUIPanel::Position
Warning: QDBusAbstractAdaptor: Cannot relay signal UKUITaskBar::buttonRotationRefreshed(bool,IUKUIPanel::Position): Unregistered input type in parameter list: IUKUIPanel::Position
Warning: QDBusAbstractAdaptor: Cannot relay signal UKUITaskBar::buttonRotationRefreshed(bool,IUKUIPanel::Position): Unregistered input type in parameter list: IUKUIPanel::Position
Warning: QDBusAbstractAdaptor: Cannot relay signal UKUITaskBar::buttonRotationRefreshed(bool,IUKUIPanel::Position): Unregistered input type in parameter list: IUKUIPanel::Position
Warning: QDBusAbstractAdaptor: Cannot relay signal UKUITaskBar::buttonRotationRefreshed(bool,IUKUIPanel::Position): Unregistered input type in parameter list: IUKUIPanel::Position
Warning: QDBusAbstractAdaptor: Cannot relay signal UKUITaskBar::buttonRotationRefreshed(bool,IUKUIPanel::Position): Unregistered input type in parameter list: IUKUIPanel::Position
Warning: QDBusAbstractAdaptor: Cannot relay signal UKUITaskBar::buttonRotationRefreshed(bool,IUKUIPanel::Position): Unregistered input type in parameter list: IUKUIPanel::Position
Warning: QObject::connect: No such signal UKUITaskWidget::clicked()
Warning: QObject::connect:  (receiver name: 'ukui-control-center')
Warning: QDBusAbstractAdaptor: Cannot relay signal UKUITaskBar::buttonRotationRefreshed(bool,IUKUIPanel::Position): Unregistered input type in parameter list: IUKUIPanel::Position
Debug: QLocale::system().name(): "en_US"
Debug: showCalendar: 3
Warning: QDBusAbstractAdaptor: Cannot relay signal UKUITaskBar::buttonRotationRefreshed(bool,IUKUIPanel::Position): Unregistered input type in parameter list: IUKUIPanel::Position
Warning: QDBusAbstractAdaptor: Cannot relay signal UKUITaskBar::buttonRotationRefreshed(bool,IUKUIPanel::Position): Unregistered input type in parameter list: IUKUIPanel::Position
Warning: QDBusAbstractAdaptor: Cannot relay signal UKUITaskBar::buttonRotationRefreshed(bool,IUKUIPanel::Position): Unregistered input type in parameter list: IUKUIPanel::Position
Warning: QDBusAbstractAdaptor: Cannot relay signal UKUITaskBar::buttonRotationRefreshed(bool,IUKUIPanel::Position): Unregistered input type in parameter list: IUKUIPanel::Position
Warning: QDBusAbstractAdaptor: Cannot relay signal UKUITaskBar::buttonRotationRefreshed(bool,IUKUIPanel::Position): Unregistered input type in parameter list: IUKUIPanel::Position
Warning: QDBusAbstractAdaptor: Cannot relay signal UKUITaskBar::buttonRotationRefreshed(bool,IUKUIPanel::Position): Unregistered input type in parameter list: IUKUIPanel::Position
Debug: we don't show balloon messages.
Warning: QDBusAbstractAdaptor: Cannot relay signal UKUITaskBar::buttonRotationRefreshed(bool,IUKUIPanel::Position): Unregistered input type in parameter list: IUKUIPanel::Position
Debug: we don't show balloon messages.
Debug: we don't show balloon messages.
Debug: we don't show balloon messages.
Debug: we don't show balloon messages.
Debug: we don't show balloon messages.
Debug: we don't show balloon messages.
Warning: QDBusAbstractAdaptor: Cannot relay signal UKUITaskBar::buttonRotationRefreshed(bool,IUKUIPanel::Position): Unregistered input type in parameter list: IUKUIPanel::Position
Debug: get error action
Warning: get error action
Debug: get error action
Warning: get error action
Debug: get error action
Warning: get error action
Debug: get error action
Warning: get error action
Debug: get error action
Warning: get error action
Debug: get error action
Warning: get error action
Debug: get error action
Warning: get error action
Debug: inter moveIconToStorage
Debug: we don't show balloon messages.
Warning: QDBusAbstractAdaptor: Cannot relay signal UKUITaskBar::buttonRotationRefreshed(bool,IUKUIPanel::Position): Unregistered input type in parameter list: IUKUIPanel::Position
Debug: inter moveIconToStorage
Debug: we don't show balloon messages.
Debug: we don't show balloon messages.
Debug: we don't show balloon messages.
Debug: we don't show balloon messages.
Debug: inter moveIconToStorage
Debug: inter moveIconToStorage
Debug: inter moveIconToStorage
Debug: inter moveIconToStorage
Debug: get error action
Warning: get error action
Debug: get error action
Warning: get error action
Debug: get error action
Warning: get error action
Debug: get error action
Warning: get error action
Debug: get error action
Warning: get error action
Debug: get error action
Warning: get error action
Debug: get error action
Warning: get error action
Debug: get error action
Warning: get error action
Debug: get error action
Warning: get error action
Debug: get error action
Warning: get error action
Debug: get error action
Warning: get error action
Debug: get error action
Warning: get error action
Debug: get error action
Warning: get error action
Debug: get error action
Warning: get error action
Warning: The X11 connection broke (error 1). Did the X11 server die?
Warning: QDBusAbstractAdaptor: Cannot relay signal UKUITaskBar::buttonRotationRefreshed(bool,IUKUIPanel::Position): Unregistered input type in parameter list: IUKUIPanel::Position
Warning: QDBusAbstractAdaptor: Cannot relay signal UKUITaskBar::buttonRotationRefreshed(bool,IUKUIPanel::Position): Unregistered input type in parameter list: IUKUIPanel::Position
Warning: QDBusAbstractAdaptor: Cannot relay signal UKUITaskBar::buttonRotationRefreshed(bool,IUKUIPanel::Position): Unregistered input type in parameter list: IUKUIPanel::Position
Debug: we don't show balloon messages.
Warning: QDBusAbstractAdaptor: Cannot relay signal UKUITaskBar::buttonRotationRefreshed(bool,IUKUIPanel::Position): Unregistered input type in parameter list: IUKUIPanel::Position
Warning: QDBusAbstractAdaptor: Cannot relay signal UKUITaskBar::buttonRotationRefreshed(bool,IUKUIPanel::Position): Unregistered input type in parameter list: IUKUIPanel::Position
Debug: get error action
Warning: get error action
Warning: QDBusAbstractAdaptor: Cannot relay signal UKUITaskBar::buttonRotationRefreshed(bool,IUKUIPanel::Position): Unregistered input type in parameter list: IUKUIPanel::Position
Debug: we don't show balloon messages.
Warning: QDBusAbstractAdaptor: Cannot relay signal UKUITaskBar::buttonRotationRefreshed(bool,IUKUIPanel::Position): Unregistered input type in parameter list: IUKUIPanel::Position
Debug: we don't show balloon messages.
Warning: QDBusAbstractAdaptor: Cannot relay signal UKUITaskBar::buttonRotationRefreshed(bool,IUKUIPanel::Position): Unregistered input type in parameter list: IUKUIPanel::Position
Debug: we don't show balloon messages.
Warning: QDBusAbstractAdaptor: Cannot relay signal UKUITaskBar::buttonRotationRefreshed(bool,IUKUIPanel::Position): Unregistered input type in parameter list: IUKUIPanel::Position
Debug: we don't show balloon messages.
Warning: QDBusAbstractAdaptor: Cannot relay signal UKUITaskBar::buttonRotationRefreshed(bool,IUKUIPanel::Position): Unregistered input type in parameter list: IUKUIPanel::Position
Warning: Error handler 12 BadColor (invalid Colormap parameter)
Warning: * Not icon_swallow                     *
Warning: QDBusAbstractAdaptor: Cannot relay signal UKUITaskBar::buttonRotationRefreshed(bool,IUKUIPanel::Position): Unregistered input type in parameter list: IUKUIPanel::Position
Debug: we don't show balloon messages.
Warning: QDBusAbstractAdaptor: Cannot relay signal UKUITaskBar::buttonRotationRefreshed(bool,IUKUIPanel::Position): Unregistered input type in parameter list: IUKUIPanel::Position
Debug: we don't show balloon messages.
Debug: we don't show balloon messages.
Warning: QDBusAbstractAdaptor: Cannot relay signal UKUITaskBar::buttonRotationRefreshed(bool,IUKUIPanel::Position): Unregistered input type in parameter list: IUKUIPanel::Position
Debug: inter moveIconToStorage
Warning: QDBusAbstractAdaptor: Cannot relay signal UKUITaskBar::buttonRotationRefreshed(bool,IUKUIPanel::Position): Unregistered input type in parameter list: IUKUIPanel::Position
Debug: we don't show balloon messages.
Debug: inter moveIconToStorage
Debug: inter moveIconToStorage
Warning: QDBusAbstractAdaptor: Cannot relay signal UKUITaskBar::buttonRotationRefreshed(bool,IUKUIPanel::Position): Unregistered input type in parameter list: IUKUIPanel::Position
Debug: we don't show balloon messages.
Debug: inter moveIconToStorage
Debug: inter moveIconToStorage
Debug: inter moveIconToStorage
Warning: QObject::connect: No such signal UKUITaskWidget::clicked()
Warning: QObject::connect:  (receiver name: 'Check-new-release-gtk')
Warning: QDBusAbstractAdaptor: Cannot relay signal UKUITaskBar::buttonRotationRefreshed(bool,IUKUIPanel::Position): Unregistered input type in parameter list: IUKUIPanel::Position
Warning: QDBusAbstractAdaptor: Cannot relay signal UKUITaskBar::buttonRotationRefreshed(bool,IUKUIPanel::Position): Unregistered input type in parameter list: IUKUIPanel::Position
Warning: QObject::connect: No such signal UKUITaskWidget::clicked()
Warning: QObject::connect:  (receiver name: 'Mate-terminal')
Warning: QDBusAbstractAdaptor: Cannot relay signal UKUITaskBar::buttonRotationRefreshed(bool,IUKUIPanel::Position): Unregistered input type in parameter list: IUKUIPanel::Position
Debug: we don't show balloon messages.
Debug: we don't show balloon messages.
Debug: we don't show balloon messages.
Debug: we don't show balloon messages.
Debug: inter moveIconToStorage
Debug: inter moveIconToStorage
Debug: inter moveIconToStorage
Debug: inter moveIconToStorage
Debug: inter moveIconToStorage
Debug: inter moveIconToStorage
Debug: inter moveIconToStorage
Debug: inter moveIconToStorage
Debug: inter moveIconToStorage
Debug: inter moveIconToStorage
Debug: inter moveIconToStorage
Debug: get error action
Warning: get error action
Debug: get error action
Warning: get error action
Debug: get error action
Warning: get error action
Debug: get error action
Warning: get error action
Warning: QDBusAbstractAdaptor: Cannot relay signal UKUITaskBar::buttonRotationRefreshed(bool,IUKUIPanel::Position): Unregistered input type in parameter list: IUKUIPanel::Position
Warning: QObject::connect: No such signal UKUITaskWidget::clicked()
Warning: QObject::connect:  (receiver name: 'Mate-terminal')
Warning: QDBusAbstractAdaptor: Cannot relay signal UKUITaskBar::buttonRotationRefreshed(bool,IUKUIPanel::Position): Unregistered input type in parameter list: IUKUIPanel::Position
Warning: QObject::connect: No such signal UKUITaskWidget::clicked()
Warning: QObject::connect:  (receiver name: 'Update-manager')
Warning: QDBusAbstractAdaptor: Cannot relay signal UKUITaskBar::buttonRotationRefreshed(bool,IUKUIPanel::Position): Unregistered input type in parameter list: IUKUIPanel::Position
Warning: QDBusAbstractAdaptor: Cannot relay signal UKUITaskBar::popupShown(UKUITaskGroup*): Pointers are not supported: UKUITaskGroup*
Warning: QObject::connect: No such signal UKUITaskWidget::clicked()
Warning: QObject::connect:  (receiver name: 'peony-qt')
Warning: QDBusAbstractAdaptor: Cannot relay signal UKUITaskBar::buttonRotationRefreshed(bool,IUKUIPanel::Position): Unregistered input type in parameter list: IUKUIPanel::Position
Warning: QObject::connect: No such signal UKUITaskWidget::clicked()
Warning: QObject::connect:  (receiver name: 'Pluma')
Warning: QDBusAbstractAdaptor: Cannot relay signal UKUITaskBar::buttonRotationRefreshed(bool,IUKUIPanel::Position): Unregistered input type in parameter list: IUKUIPanel::Position
Warning: QDBusAbstractAdaptor: Cannot relay signal UKUITaskBar::popupShown(UKUITaskGroup*): Pointers are not supported: UKUITaskGroup*
Warning: QDBusAbstractAdaptor: Cannot relay signal UKUITaskBar::buttonRotationRefreshed(bool,IUKUIPanel::Position): Unregistered input type in parameter list: IUKUIPanel::Position
Warning: QDBusAbstractAdaptor: Cannot relay signal UKUITaskBar::popupShown(UKUITaskGroup*): Pointers are not supported: UKUITaskGroup*
Warning: QDBusAbstractAdaptor: Cannot relay signal UKUITaskBar::buttonRotationRefreshed(bool,IUKUIPanel::Position): Unregistered input type in parameter list: IUKUIPanel::Position
Warning: QObject::connect: No such signal UKUITaskWidget::clicked()
Warning: QObject::connect:  (receiver name: 'Mate-terminal')
Warning: QDBusAbstractAdaptor: Cannot relay signal UKUITaskBar::buttonRotationRefreshed(bool,IUKUIPanel::Position): Unregistered input type in parameter list: IUKUIPanel::Position
Warning: QDBusAbstractAdaptor: Cannot relay signal UKUITaskBar::buttonRotationRefreshed(bool,IUKUIPanel::Position): Unregistered input type in parameter list: IUKUIPanel::Position
Warning: QDBusAbstractAdaptor: Cannot relay signal UKUITaskBar::popupShown(UKUITaskGroup*): Pointers are not supported: UKUITaskGroup*
Warning: QDBusAbstractAdaptor: Cannot relay signal UKUITaskBar::buttonRotationRefreshed(bool,IUKUIPanel::Position): Unregistered input type in parameter list: IUKUIPanel::Position
Warning: QDBusAbstractAdaptor: Cannot relay signal UKUITaskBar::buttonRotationRefreshed(bool,IUKUIPanel::Position): Unregistered input type in parameter list: IUKUIPanel::Position
Warning: QDBusAbstractAdaptor: Cannot relay signal UKUITaskBar::buttonRotationRefreshed(bool,IUKUIPanel::Position): Unregistered input type in parameter list: IUKUIPanel::Position
Warning: The X11 connection broke: I/O error (code 1)
Warning: QDBusAbstractAdaptor: Cannot relay signal UKUITaskBar::buttonRotationRefreshed(bool,IUKUIPanel::Position): Unregistered input type in parameter list: IUKUIPanel::Position
Warning: QDBusAbstractAdaptor: Cannot relay signal UKUITaskBar::buttonRotationRefreshed(bool,IUKUIPanel::Position): Unregistered input type in parameter list: IUKUIPanel::Position
Warning: QDBusAbstractAdaptor: Cannot relay signal UKUITaskBar::buttonRotationRefreshed(bool,IUKUIPanel::Position): Unregistered input type in parameter list: IUKUIPanel::Position
Debug: we don't show balloon messages.
Debug: we don't show balloon messages.
Debug: we don't show balloon messages.
Warning: QDBusAbstractAdaptor: Cannot relay signal UKUITaskBar::buttonRotationRefreshed(bool,IUKUIPanel::Position): Unregistered input type in parameter list: IUKUIPanel::Position
Debug: we don't show balloon messages.
Warning: Paint error
Warning: Paint error
Warning: Paint error
Warning: Paint error
Warning: Paint error
Warning: Paint error
Debug: we don't show balloon messages.
Warning: Paint error
Warning: Paint error
Warning: Paint error
Warning: Paint error
Warning: Paint error
Warning: Paint error
Warning: Paint error
Warning: Paint error
Warning: Paint error
Warning: Paint error
Warning: Paint error
Warning: Paint error
Warning: Paint error
Warning: Paint error
Warning: Paint error
Warning: Paint error
Warning: Paint error
Warning: Paint error
Warning: Paint error
Warning: Paint error
Warning: Paint error
Warning: Paint error
Warning: Paint error
Warning: Paint error
Warning: Paint error
Warning: Paint error
Warning: Paint error
Warning: Paint error
Warning: Paint error
Warning: Paint error
Warning: Paint error
Warning: Paint error
Warning: Paint error
Warning: Paint error
Warning: Paint error
Warning: Paint error
Warning: Paint error
Warning: Paint error
Warning: Paint error
Warning: Paint error
Warning: Paint error
Warning: Paint error
Warning: Paint error
Warning: Paint error
Warning: Paint error
Warning: Paint error
Warning: Paint error
Warning: Paint error
Warning: Paint error
Warning: Paint error
Warning: Paint error
Warning: Paint error
Warning: Paint error
Warning: Paint error
Warning: Paint error
Warning: Paint error
Warning: Paint error
Warning: Paint error
Warning: Paint error
Warning: Paint error
Warning: Paint error
Warning: Paint error
Debug: we don't show balloon messages.
Warning: Paint error
Warning: Paint error
Warning: Paint error
Warning: Paint error
Warning: Paint error
Warning: Paint error
Warning: Paint error
Warning: Paint error
Warning: Paint error
Warning: Paint error
Warning: Paint error
Warning: Paint error
Warning: Paint error
Warning: Paint error
Warning: Paint error
Warning: Paint error
Warning: Paint error
Warning: Paint error
Warning: Paint error
Warning: Paint error
Warning: Paint error
Warning: Paint error
Warning: Paint error
Warning: Paint error
Warning: Paint error
Warning: Paint error
Warning: Paint error
Warning: Paint error
Warning: Paint error
Warning: Paint error
Warning: Paint error
Warning: Paint error
Warning: Paint error
Warning: Paint error
Warning: Paint error
Warning: Paint error
Warning: Paint error
Warning: Paint error
Warning: Paint error
Warning: Paint error
Warning: Paint error
Warning: Paint error
Debug: we don't show balloon messages.
Warning: Paint error
Warning: Paint error
Warning: Paint error
Warning: Paint error
Warning: Paint error
Warning: Paint error
Warning: Paint error
Warning: Paint error
Debug: we don't show balloon messages.
Warning: Paint error
Debug: we don't show balloon messages.
Debug: we don't show balloon messages.
Warning: QDBusAbstractAdaptor: Cannot relay signal UKUITaskBar::buttonRotationRefreshed(bool,IUKUIPanel::Position): Unregistered input type in parameter list: IUKUIPanel::Position
Debug: get error action
Warning: get error action
Debug: get error action
Warning: get error action
Debug: get error action
Warning: get error action
Debug: get error action
Warning: get error action
Debug: get error action
Warning: get error action
Debug: get error action
Warning: get error action
Debug: get error action
Warning: get error action
Debug: inter moveIconToStorage
Debug: we don't show balloon messages.
Warning: QDBusAbstractAdaptor: Cannot relay signal UKUITaskBar::buttonRotationRefreshed(bool,IUKUIPanel::Position): Unregistered input type in parameter list: IUKUIPanel::Position
Debug: inter moveIconToStorage
Debug: we don't show balloon messages.
Warning: QDBusAbstractAdaptor: Cannot relay signal UKUITaskBar::buttonRotationRefreshed(bool,IUKUIPanel::Position): Unregistered input type in parameter list: IUKUIPanel::Position
Debug: we don't show balloon messages.
Debug: we don't show balloon messages.
Debug: we don't show balloon messages.
Debug: we don't show balloon messages.
Debug: inter moveIconToStorage
Debug: inter moveIconToStorage
Debug: inter moveIconToStorage
Debug: inter moveIconToStorage
Debug: get error action
Warning: get error action
Debug: get error action
Warning: get error action
Debug: get error action
Warning: get error action
Debug: get error action
Warning: get error action
Debug: get error action
Warning: get error action
Debug: get error action
Warning: get error action
Debug: get error action
Warning: get error action
Debug: get error action
Warning: get error action
Debug: get error action
Warning: get error action
Debug: get error action
Warning: get error action
Debug: get error action
Warning: get error action
Debug: get error action
Warning: get error action
Debug: get error action
Warning: get error action
Debug: get error action
Warning: get error action
Warning: QObject::connect: No such signal UKUITaskWidget::clicked()
Warning: QObject::connect:  (receiver name: 'peony-qt')
Warning: QDBusAbstractAdaptor: Cannot relay signal UKUITaskBar::buttonRotationRefreshed(bool,IUKUIPanel::Position): Unregistered input type in parameter list: IUKUIPanel::Position
Warning: QObject::connect: No such signal UKUITaskWidget::clicked()
Warning: QObject::connect:  (receiver name: 'Mate-terminal')
Warning: QDBusAbstractAdaptor: Cannot relay signal UKUITaskBar::buttonRotationRefreshed(bool,IUKUIPanel::Position): Unregistered input type in parameter list: IUKUIPanel::Position
Warning: QDBusAbstractAdaptor: Cannot relay signal UKUITaskBar::buttonRotationRefreshed(bool,IUKUIPanel::Position): Unregistered input type in parameter list: IUKUIPanel::Position
Warning: QObject::connect: No such signal UKUITaskWidget::clicked()
Warning: QObject::connect:  (receiver name: 'Mate-terminal')
Warning: QDBusAbstractAdaptor: Cannot relay signal UKUITaskBar::buttonRotationRefreshed(bool,IUKUIPanel::Position): Unregistered input type in parameter list: IUKUIPanel::Position
Warning: QObject::connect: No such signal UKUITaskWidget::clicked()
Warning: QObject::connect:  (receiver name: 'Mate-terminal')
Warning: QDBusAbstractAdaptor: Cannot relay signal UKUITaskBar::buttonRotationRefreshed(bool,IUKUIPanel::Position): Unregistered input type in parameter list: IUKUIPanel::Position
Warning: QDBusAbstractAdaptor: Cannot relay signal UKUITaskBar::buttonRotationRefreshed(bool,IUKUIPanel::Position): Unregistered input type in parameter list: IUKUIPanel::Position
Warning: QDBusAbstractAdaptor: Cannot relay signal UKUITaskBar::popupShown(UKUITaskGroup*): Pointers are not supported: UKUITaskGroup*
Warning: QDBusAbstractAdaptor: Cannot relay signal UKUITaskBar::buttonRotationRefreshed(bool,IUKUIPanel::Position): Unregistered input type in parameter list: IUKUIPanel::Position
Warning: QObject::connect: No such signal UKUITaskWidget::clicked()
Warning: QObject::connect:  (receiver name: 'Mate-terminal')
Warning: QDBusAbstractAdaptor: Cannot relay signal UKUITaskBar::buttonRotationRefreshed(bool,IUKUIPanel::Position): Unregistered input type in parameter list: IUKUIPanel::Position
Debug: 0
Debug: 1
Debug: 0
Debug: 1
Debug: 0
Debug: 1
Debug: 0
Debug: 1
Debug: 0
Debug: 1
Debug: 0
Debug: 1
Debug: 0
Debug: 1
Debug: 0
Debug: 1
Debug: 0
Debug: 1
Debug: 0
Debug: 1
Debug: 0
Debug: 1
Warning: Paint error
Warning: Paint error
Warning: Paint error
Warning: Paint error
Warning: Paint error
Warning: Paint error
Warning: Paint error
Warning: Paint error
Warning: Paint error
Warning: Paint error
Warning: Paint error
Warning: Paint error
Warning: Paint error
Warning: Paint error
Warning: Paint error
Warning: Paint error
Warning: Paint error
Warning: Paint error
Warning: Paint error
Warning: Paint error
Warning: Paint error
Warning: Paint error
Warning: Paint error
Warning: Paint error
Warning: Paint error
Warning: Paint error
Warning: Paint error
Warning: Paint error
Warning: Paint error
Warning: Paint error
Warning: Paint error
Warning: Paint error
Warning: Paint error
Warning: Paint error
Warning: Paint error
Warning: Paint error
Warning: QDBusAbstractAdaptor: Cannot relay signal UKUITaskBar::buttonRotationRefreshed(bool,IUKUIPanel::Position): Unregistered input type in parameter list: IUKUIPanel::Position
Warning: QDBusAbstractAdaptor: Cannot relay signal UKUITaskBar::buttonRotationRefreshed(bool,IUKUIPanel::Position): Unregistered input type in parameter list: IUKUIPanel::Position
Warning: QDBusAbstractAdaptor: Cannot relay signal UKUITaskBar::buttonRotationRefreshed(bool,IUKUIPanel::Position): Unregistered input type in parameter list: IUKUIPanel::Position
Debug: we don't show balloon messages.
Warning: QDBusAbstractAdaptor: Cannot relay signal UKUITaskBar::buttonRotationRefreshed(bool,IUKUIPanel::Position): Unregistered input type in parameter list: IUKUIPanel::Position
Warning: QDBusAbstractAdaptor: Cannot relay signal UKUITaskBar::buttonRotationRefreshed(bool,IUKUIPanel::Position): Unregistered input type in parameter list: IUKUIPanel::Position
Debug: we don't show balloon messages.
Warning: QDBusAbstractAdaptor: Cannot relay signal UKUITaskBar::buttonRotationRefreshed(bool,IUKUIPanel::Position): Unregistered input type in parameter list: IUKUIPanel::Position
Debug: we don't show balloon messages.
Warning:     * Error image is NULL
Warning: QImage::scaled: Image is a null image
Warning: Paint error
Warning: QXcbConnection: XCB error: 9 (BadDrawable), sequence: 3490, resource id: 6291485, major code: 14 (GetGeometry), minor code: 0
Warning: QDBusAbstractAdaptor: Cannot relay signal UKUITaskBar::buttonRotationRefreshed(bool,IUKUIPanel::Position): Unregistered input type in parameter list: IUKUIPanel::Position
Debug: we don't show balloon messages.
Warning: QDBusAbstractAdaptor: Cannot relay signal UKUITaskBar::buttonRotationRefreshed(bool,IUKUIPanel::Position): Unregistered input type in parameter list: IUKUIPanel::Position
Debug: we don't show balloon messages.
Warning: QDBusAbstractAdaptor: Cannot relay signal UKUITaskBar::buttonRotationRefreshed(bool,IUKUIPanel::Position): Unregistered input type in parameter list: IUKUIPanel::Position
Warning: QDBusAbstractAdaptor: Cannot relay signal UKUITaskBar::buttonRotationRefreshed(bool,IUKUIPanel::Position): Unregistered input type in parameter list: IUKUIPanel::Position
Debug: we don't show balloon messages.
Debug: we don't show balloon messages.
Debug: we don't show balloon messages.
Warning: QDBusAbstractAdaptor: Cannot relay signal UKUITaskBar::buttonRotationRefreshed(bool,IUKUIPanel::Position): Unregistered input type in parameter list: IUKUIPanel::Position
Debug: get error action
Warning: get error action
Debug: get error action
Warning: get error action
Debug: we don't show balloon messages.
Warning: QDBusAbstractAdaptor: Cannot relay signal UKUITaskBar::buttonRotationRefreshed(bool,IUKUIPanel::Position): Unregistered input type in parameter list: IUKUIPanel::Position
Debug: inter moveIconToStorage
Debug: we don't show balloon messages.
Debug: inter moveIconToStorage
Debug: inter moveIconToStorage
Warning: QObject::connect: No such signal UKUITaskWidget::clicked()
Warning: QObject::connect:  (receiver name: 'Mate-terminal')
Warning: QObject::connect: No such signal UKUITaskWidget::clicked()
Warning: QObject::connect:  (receiver name: 'Check-new-release-gtk')
Warning: QDBusAbstractAdaptor: Cannot relay signal UKUITaskBar::buttonRotationRefreshed(bool,IUKUIPanel::Position): Unregistered input type in parameter list: IUKUIPanel::Position
Warning: QDBusAbstractAdaptor: Cannot relay signal UKUITaskBar::buttonRotationRefreshed(bool,IUKUIPanel::Position): Unregistered input type in parameter list: IUKUIPanel::Position
Debug: we don't show balloon messages.
Debug: we don't show balloon messages.
Debug: we don't show balloon messages.
Debug: we don't show balloon messages.
Debug: inter moveIconToStorage
Debug: inter moveIconToStorage
Debug: inter moveIconToStorage
Debug: inter moveIconToStorage
Debug: get error action
Warning: get error action
Debug: get error action
Warning: get error action
Debug: get error action
Warning: get error action
Debug: get error action
Warning: get error action
Debug: get error action
Warning: get error action
Debug: get error action
Warning: get error action
Debug: get error action
Warning: get error action
Debug: get error action
Warning: get error action
Debug: get error action
Warning: get error action
Warning: QObject::connect: No such signal UKUITaskWidget::clicked()
Warning: QObject::connect:  (receiver name: 'Update-manager')
Warning: QDBusAbstractAdaptor: Cannot relay signal UKUITaskBar::buttonRotationRefreshed(bool,IUKUIPanel::Position): Unregistered input type in parameter list: IUKUIPanel::Position
Warning: QObject::connect: No such signal UKUITaskWidget::clicked()
Warning: QObject::connect:  (receiver name: 'peony-qt')
Warning: QDBusAbstractAdaptor: Cannot relay signal UKUITaskBar::buttonRotationRefreshed(bool,IUKUIPanel::Position): Unregistered input type in parameter list: IUKUIPanel::Position
Warning: QObject::connect: No such signal UKUITaskWidget::clicked()
Warning: QObject::connect:  (receiver name: 'Mate-terminal')
Warning: QDBusAbstractAdaptor: Cannot relay signal UKUITaskBar::buttonRotationRefreshed(bool,IUKUIPanel::Position): Unregistered input type in parameter list: IUKUIPanel::Position
Warning: QDBusAbstractAdaptor: Cannot relay signal UKUITaskBar::buttonRotationRefreshed(bool,IUKUIPanel::Position): Unregistered input type in parameter list: IUKUIPanel::Position
Warning: QObject::connect: No such signal UKUITaskWidget::clicked()
Warning: QObject::connect:  (receiver name: 'Mate-terminal')
Warning: QDBusAbstractAdaptor: Cannot relay signal UKUITaskBar::buttonRotationRefreshed(bool,IUKUIPanel::Position): Unregistered input type in parameter list: IUKUIPanel::Position
Warning: QDBusAbstractAdaptor: Cannot relay signal UKUITaskBar::buttonRotationRefreshed(bool,IUKUIPanel::Position): Unregistered input type in parameter list: IUKUIPanel::Position
Warning: QObject::connect: No such signal UKUITaskWidget::clicked()
Warning: QObject::connect:  (receiver name: 'Mate-terminal')
Warning: QDBusAbstractAdaptor: Cannot relay signal UKUITaskBar::buttonRotationRefreshed(bool,IUKUIPanel::Position): Unregistered input type in parameter list: IUKUIPanel::Position
Warning: QDBusAbstractAdaptor: Cannot relay signal UKUITaskBar::buttonRotationRefreshed(bool,IUKUIPanel::Position): Unregistered input type in parameter list: IUKUIPanel::Position
Warning: QDBusAbstractAdaptor: Cannot relay signal UKUITaskBar::buttonRotationRefreshed(bool,IUKUIPanel::Position): Unregistered input type in parameter list: IUKUIPanel::Position
Warning: QObject::connect: No such signal UKUITaskWidget::clicked()
Warning: QObject::connect:  (receiver name: 'Pluma')
Warning: QDBusAbstractAdaptor: Cannot relay signal UKUITaskBar::buttonRotationRefreshed(bool,IUKUIPanel::Position): Unregistered input type in parameter list: IUKUIPanel::Position
Warning: QDBusAbstractAdaptor: Cannot relay signal UKUITaskBar::buttonRotationRefreshed(bool,IUKUIPanel::Position): Unregistered input type in parameter list: IUKUIPanel::Position
Warning: QDBusAbstractAdaptor: Cannot relay signal UKUITaskBar::popupShown(UKUITaskGroup*): Pointers are not supported: UKUITaskGroup*
Warning: QObject::connect: No such signal UKUITaskWidget::clicked()
Warning: QObject::connect:  (receiver name: 'Mate-terminal')
Warning: QDBusAbstractAdaptor: Cannot relay signal UKUITaskBar::buttonRotationRefreshed(bool,IUKUIPanel::Position): Unregistered input type in parameter list: IUKUIPanel::Position
Warning: QDBusAbstractAdaptor: Cannot relay signal UKUITaskBar::buttonRotationRefreshed(bool,IUKUIPanel::Position): Unregistered input type in parameter list: IUKUIPanel::Position
Warning: QObject::connect: No such signal UKUITaskWidget::clicked()
Warning: QObject::connect:  (receiver name: 'peony-qt')
Warning: QDBusAbstractAdaptor: Cannot relay signal UKUITaskBar::buttonRotationRefreshed(bool,IUKUIPanel::Position): Unregistered input type in parameter list: IUKUIPanel::Position
Warning: QDBusAbstractAdaptor: Cannot relay signal UKUITaskBar::buttonRotationRefreshed(bool,IUKUIPanel::Position): Unregistered input type in parameter list: IUKUIPanel::Position
Warning: QObject::connect: No such signal UKUITaskWidget::clicked()
Warning: QObject::connect:  (receiver name: 'peony-qt')
Warning: QDBusAbstractAdaptor: Cannot relay signal UKUITaskBar::buttonRotationRefreshed(bool,IUKUIPanel::Position): Unregistered input type in parameter list: IUKUIPanel::Position
Warning: QDBusAbstractAdaptor: Cannot relay signal UKUITaskBar::buttonRotationRefreshed(bool,IUKUIPanel::Position): Unregistered input type in parameter list: IUKUIPanel::Position
Warning: QObject::connect: No such signal UKUITaskWidget::clicked()
Warning: QObject::connect:  (receiver name: 'peony-qt')
Warning: QDBusAbstractAdaptor: Cannot relay signal UKUITaskBar::buttonRotationRefreshed(bool,IUKUIPanel::Position): Unregistered input type in parameter list: IUKUIPanel::Position
Warning: QDBusAbstractAdaptor: Cannot relay signal UKUITaskBar::buttonRotationRefreshed(bool,IUKUIPanel::Position): Unregistered input type in parameter list: IUKUIPanel::Position
Warning: QDBusAbstractAdaptor: Cannot relay signal UKUITaskBar::buttonRotationRefreshed(bool,IUKUIPanel::Position): Unregistered input type in parameter list: IUKUIPanel::Position
Warning: QObject::connect: No such signal UKUITaskWidget::clicked()
Warning: QObject::connect:  (receiver name: 'peony-qt')
Warning: QDBusAbstractAdaptor: Cannot relay signal UKUITaskBar::buttonRotationRefreshed(bool,IUKUIPanel::Position): Unregistered input type in parameter list: IUKUIPanel::Position
Warning: QDBusAbstractAdaptor: Cannot relay signal UKUITaskBar::buttonRotationRefreshed(bool,IUKUIPanel::Position): Unregistered input type in parameter list: IUKUIPanel::Position
Warning: QObject::connect: No such signal UKUITaskWidget::clicked()
Warning: QObject::connect:  (receiver name: 'Mate-terminal')
Warning: QDBusAbstractAdaptor: Cannot relay signal UKUITaskBar::buttonRotationRefreshed(bool,IUKUIPanel::Position): Unregistered input type in parameter list: IUKUIPanel::Position
Warning: QObject::connect: No such signal UKUITaskWidget::clicked()
Warning: QObject::connect:  (receiver name: 'Pluma')
Warning: QDBusAbstractAdaptor: Cannot relay signal UKUITaskBar::buttonRotationRefreshed(bool,IUKUIPanel::Position): Unregistered input type in parameter list: IUKUIPanel::Position
Warning: QDBusAbstractAdaptor: Cannot relay signal UKUITaskBar::buttonRotationRefreshed(bool,IUKUIPanel::Position): Unregistered input type in parameter list: IUKUIPanel::Position
Warning: QDBusAbstractAdaptor: Cannot relay signal UKUITaskBar::buttonRotationRefreshed(bool,IUKUIPanel::Position): Unregistered input type in parameter list: IUKUIPanel::Position
Warning: QObject::connect: No such signal UKUITaskWidget::clicked()
Warning: QObject::connect:  (receiver name: 'Mate-terminal')
Warning: QDBusAbstractAdaptor: Cannot relay signal UKUITaskBar::buttonRotationRefreshed(bool,IUKUIPanel::Position): Unregistered input type in parameter list: IUKUIPanel::Position
Warning: QDBusAbstractAdaptor: Cannot relay signal UKUITaskBar::buttonRotationRefreshed(bool,IUKUIPanel::Position): Unregistered input type in parameter list: IUKUIPanel::Position
Warning: QObject::connect: No such signal UKUITaskWidget::clicked()
Warning: QObject::connect:  (receiver name: 'Mate-terminal')
Warning: QDBusAbstractAdaptor: Cannot relay signal UKUITaskBar::buttonRotationRefreshed(bool,IUKUIPanel::Position): Unregistered input type in parameter list: IUKUIPanel::Position
Warning: QDBusAbstractAdaptor: Cannot relay signal UKUITaskBar::popupShown(UKUITaskGroup*): Pointers are not supported: UKUITaskGroup*
Warning: QDBusAbstractAdaptor: Cannot relay signal UKUITaskBar::buttonRotationRefreshed(bool,IUKUIPanel::Position): Unregistered input type in parameter list: IUKUIPanel::Position
Warning: QDBusAbstractAdaptor: Cannot relay signal UKUITaskBar::buttonRotationRefreshed(bool,IUKUIPanel::Position): Unregistered input type in parameter list: IUKUIPanel::Position
Warning: QDBusAbstractAdaptor: Cannot relay signal UKUITaskBar::buttonRotationRefreshed(bool,IUKUIPanel::Position): Unregistered input type in parameter list: IUKUIPanel::Position
Debug: we don't show balloon messages.
Warning: QDBusAbstractAdaptor: Cannot relay signal UKUITaskBar::buttonRotationRefreshed(bool,IUKUIPanel::Position): Unregistered input type in parameter list: IUKUIPanel::Position
Warning: QDBusAbstractAdaptor: Cannot relay signal UKUITaskBar::buttonRotationRefreshed(bool,IUKUIPanel::Position): Unregistered input type in parameter list: IUKUIPanel::Position
Debug: we don't show balloon messages.
Warning: QDBusAbstractAdaptor: Cannot relay signal UKUITaskBar::buttonRotationRefreshed(bool,IUKUIPanel::Position): Unregistered input type in parameter list: IUKUIPanel::Position
Warning: QDBusAbstractAdaptor: Cannot relay signal UKUITaskBar::buttonRotationRefreshed(bool,IUKUIPanel::Position): Unregistered input type in parameter list: IUKUIPanel::Position
Debug: we don't show balloon messages.
Debug: we don't show balloon messages.
Warning: QDBusAbstractAdaptor: Cannot relay signal UKUITaskBar::buttonRotationRefreshed(bool,IUKUIPanel::Position): Unregistered input type in parameter list: IUKUIPanel::Position
Debug: we don't show balloon messages.
Warning: QDBusAbstractAdaptor: Cannot relay signal UKUITaskBar::buttonRotationRefreshed(bool,IUKUIPanel::Position): Unregistered input type in parameter list: IUKUIPanel::Position
Warning: QDBusAbstractAdaptor: Cannot relay signal UKUITaskBar::buttonRotationRefreshed(bool,IUKUIPanel::Position): Unregistered input type in parameter list: IUKUIPanel::Position
Warning: QDBusAbstractAdaptor: Cannot relay signal UKUITaskBar::buttonRotationRefreshed(bool,IUKUIPanel::Position): Unregistered input type in parameter list: IUKUIPanel::Position
Debug: we don't show balloon messages.
Warning: QDBusAbstractAdaptor: Cannot relay signal UKUITaskBar::buttonRotationRefreshed(bool,IUKUIPanel::Position): Unregistered input type in parameter list: IUKUIPanel::Position
Debug: we don't show balloon messages.
Debug: get error action
Warning: get error action
Debug: get error action
Warning: get error action
Warning: QDBusAbstractAdaptor: Cannot relay signal UKUITaskBar::buttonRotationRefreshed(bool,IUKUIPanel::Position): Unregistered input type in parameter list: IUKUIPanel::Position
Warning: QDBusAbstractAdaptor: Cannot relay signal UKUITaskBar::buttonRotationRefreshed(bool,IUKUIPanel::Position): Unregistered input type in parameter list: IUKUIPanel::Position
Debug: we don't show balloon messages.
Warning: QDBusAbstractAdaptor: Cannot relay signal UKUITaskBar::buttonRotationRefreshed(bool,IUKUIPanel::Position): Unregistered input type in parameter list: IUKUIPanel::Position
Debug: we don't show balloon messages.
Debug: inter moveIconToStorage
Warning: QDBusAbstractAdaptor: Cannot relay signal UKUITaskBar::buttonRotationRefreshed(bool,IUKUIPanel::Position): Unregistered input type in parameter list: IUKUIPanel::Position
Debug: we don't show balloon messages.
Debug: inter moveIconToStorage
Debug: inter moveIconToStorage
Warning: QDBusAbstractAdaptor: Cannot relay signal UKUITaskBar::buttonRotationRefreshed(bool,IUKUIPanel::Position): Unregistered input type in parameter list: IUKUIPanel::Position
Debug: inter moveIconToStorage
Debug: we don't show balloon messages.
Debug: we don't show balloon messages.
Debug: we don't show balloon messages.
Debug: we don't show balloon messages.
Debug: inter moveIconToStorage
Debug: inter moveIconToStorage
Debug: inter moveIconToStorage
Debug: inter moveIconToStorage
Debug: get error action
Warning: get error action
Debug: get error action
Warning: get error action
Debug: get error action
Warning: get error action
Debug: get error action
Warning: get error action
Debug: get error action
Warning: get error action
Debug: get error action
Warning: get error action
Debug: get error action
Warning: get error action
Debug: get error action
Warning: get error action
Debug: get error action
Warning: get error action
Warning: QObject::connect: No such signal UKUITaskWidget::clicked()
Warning: QObject::connect:  (receiver name: 'Mate-terminal')
Warning: QDBusAbstractAdaptor: Cannot relay signal UKUITaskBar::buttonRotationRefreshed(bool,IUKUIPanel::Position): Unregistered input type in parameter list: IUKUIPanel::Position
Warning: QObject::connect: No such signal UKUITaskWidget::clicked()
Warning: QObject::connect:  (receiver name: 'peony-qt')
Warning: QDBusAbstractAdaptor: Cannot relay signal UKUITaskBar::buttonRotationRefreshed(bool,IUKUIPanel::Position): Unregistered input type in parameter list: IUKUIPanel::Position
Warning: QObject::connect: No such signal UKUITaskWidget::clicked()
Warning: QObject::connect:  (receiver name: 'Pluma')
Warning: QDBusAbstractAdaptor: Cannot relay signal UKUITaskBar::buttonRotationRefreshed(bool,IUKUIPanel::Position): Unregistered input type in parameter list: IUKUIPanel::Position
Warning: QDBusAbstractAdaptor: Cannot relay signal UKUITaskBar::buttonRotationRefreshed(bool,IUKUIPanel::Position): Unregistered input type in parameter list: IUKUIPanel::Position
Warning: QDBusAbstractAdaptor: Cannot relay signal UKUITaskBar::buttonRotationRefreshed(bool,IUKUIPanel::Position): Unregistered input type in parameter list: IUKUIPanel::Position
Warning: QDBusAbstractAdaptor: Cannot relay signal UKUITaskBar::buttonRotationRefreshed(bool,IUKUIPanel::Position): Unregistered input type in parameter list: IUKUIPanel::Position
Warning: QObject::connect: No such signal UKUITaskWidget::clicked()
Warning: QObject::connect:  (receiver name: 'peony-qt')
Warning: QDBusAbstractAdaptor: Cannot relay signal UKUITaskBar::buttonRotationRefreshed(bool,IUKUIPanel::Position): Unregistered input type in parameter list: IUKUIPanel::Position
Warning: QObject::connect: No such signal UKUITaskWidget::clicked()
Warning: QObject::connect:  (receiver name: 'Mate-terminal')
Warning: QDBusAbstractAdaptor: Cannot relay signal UKUITaskBar::buttonRotationRefreshed(bool,IUKUIPanel::Position): Unregistered input type in parameter list: IUKUIPanel::Position
Warning: QDBusAbstractAdaptor: Cannot relay signal UKUITaskBar::buttonRotationRefreshed(bool,IUKUIPanel::Position): Unregistered input type in parameter list: IUKUIPanel::Position
Warning: QObject::connect: No such signal UKUITaskWidget::clicked()
Warning: QObject::connect:  (receiver name: 'Pluma')
Warning: QDBusAbstractAdaptor: Cannot relay signal UKUITaskBar::buttonRotationRefreshed(bool,IUKUIPanel::Position): Unregistered input type in parameter list: IUKUIPanel::Position
Warning: QDBusAbstractAdaptor: Cannot relay signal UKUITaskBar::buttonRotationRefreshed(bool,IUKUIPanel::Position): Unregistered input type in parameter list: IUKUIPanel::Position
Warning: QObject::connect: No such signal UKUITaskWidget::clicked()
Warning: QObject::connect:  (receiver name: 'Mate-terminal')
Warning: QDBusAbstractAdaptor: Cannot relay signal UKUITaskBar::buttonRotationRefreshed(bool,IUKUIPanel::Position): Unregistered input type in parameter list: IUKUIPanel::Position
Warning: QDBusAbstractAdaptor: Cannot relay signal UKUITaskBar::buttonRotationRefreshed(bool,IUKUIPanel::Position): Unregistered input type in parameter list: IUKUIPanel::Position
Warning: QDBusAbstractAdaptor: Cannot relay signal UKUITaskBar::popupShown(UKUITaskGroup*): Pointers are not supported: UKUITaskGroup*
Warning: QDBusAbstractAdaptor: Cannot relay signal UKUITaskBar::buttonRotationRefreshed(bool,IUKUIPanel::Position): Unregistered input type in parameter list: IUKUIPanel::Position
Warning: QDBusAbstractAdaptor: Cannot relay signal UKUITaskBar::buttonRotationRefreshed(bool,IUKUIPanel::Position): Unregistered input type in parameter list: IUKUIPanel::Position
Warning: QDBusAbstractAdaptor: Cannot relay signal UKUITaskBar::popupShown(UKUITaskGroup*): Pointers are not supported: UKUITaskGroup*
Warning: QDBusAbstractAdaptor: Cannot relay signal UKUITaskBar::buttonRotationRefreshed(bool,IUKUIPanel::Position): Unregistered input type in parameter list: IUKUIPanel::Position
Warning: QObject::connect: No such signal UKUITaskWidget::clicked()
Warning: QObject::connect:  (receiver name: 'Mate-terminal')
Warning: QDBusAbstractAdaptor: Cannot relay signal UKUITaskBar::buttonRotationRefreshed(bool,IUKUIPanel::Position): Unregistered input type in parameter list: IUKUIPanel::Position
Debug: 0
Debug: 1
Warning: QObject::connect: No such signal UKUITaskWidget::clicked()
Warning: QObject::connect:  (receiver name: 'Gedit')
Warning: QDBusAbstractAdaptor: Cannot relay signal UKUITaskBar::buttonRotationRefreshed(bool,IUKUIPanel::Position): Unregistered input type in parameter list: IUKUIPanel::Position
Warning: QObject::connect: No such signal UKUITaskWidget::clicked()
Warning: QObject::connect:  (receiver name: 'firefox')
Warning: QDBusAbstractAdaptor: Cannot relay signal UKUITaskBar::buttonRotationRefreshed(bool,IUKUIPanel::Position): Unregistered input type in parameter list: IUKUIPanel::Position
Debug: KWindowInfo(mWindow,NET::WMState).state(): QFlags()
Debug: QEvent::MouseButtonDblClick
Debug: QEvent::MouseButtonDblClick
Debug: QEvent::MouseButtonDblClick
Debug: QEvent::MouseButtonDblClick
Debug: QEvent::MouseButtonDblClick
Debug: QEvent::MouseButtonDblClick
Warning: QDBusAbstractAdaptor: Cannot relay signal UKUITaskBar::buttonRotationRefreshed(bool,IUKUIPanel::Position): Unregistered input type in parameter list: IUKUIPanel::Position
Warning: QDBusAbstractAdaptor: Cannot relay signal UKUITaskBar::popupShown(UKUITaskGroup*): Pointers are not supported: UKUITaskGroup*
Warning: QObject::connect: No such signal UKUITaskWidget::clicked()
Warning: QObject::connect:  (receiver name: 'firefox')
Warning: QDBusAbstractAdaptor: Cannot relay signal UKUITaskBar::buttonRotationRefreshed(bool,IUKUIPanel::Position): Unregistered input type in parameter list: IUKUIPanel::Position
Warning: QDBusAbstractAdaptor: Cannot relay signal UKUITaskBar::popupShown(UKUITaskGroup*): Pointers are not supported: UKUITaskGroup*
Warning: QDBusAbstractAdaptor: Cannot relay signal UKUITaskBar::popupShown(UKUITaskGroup*): Pointers are not supported: UKUITaskGroup*
Warning: QDBusAbstractAdaptor: Cannot relay signal UKUITaskBar::popupShown(UKUITaskGroup*): Pointers are not supported: UKUITaskGroup*
Debug: closeApplication
Warning: QDBusAbstractAdaptor: Cannot relay signal UKUITaskBar::popupShown(UKUITaskGroup*): Pointers are not supported: UKUITaskGroup*
Warning: QDBusAbstractAdaptor: Cannot relay signal UKUITaskBar::buttonRotationRefreshed(bool,IUKUIPanel::Position): Unregistered input type in parameter list: IUKUIPanel::Position
Debug: KWindowInfo(mWindow,NET::WMState).state(): QFlags(0x4|0x8|0x800)
Warning: QDBusAbstractAdaptor: Cannot relay signal UKUITaskBar::popupShown(UKUITaskGroup*): Pointers are not supported: UKUITaskGroup*
Warning: QDBusAbstractAdaptor: Cannot relay signal UKUITaskBar::popupShown(UKUITaskGroup*): Pointers are not supported: UKUITaskGroup*
Warning: QDBusAbstractAdaptor: Cannot relay signal UKUITaskBar::popupShown(UKUITaskGroup*): Pointers are not supported: UKUITaskGroup*
Warning: QDBusAbstractAdaptor: Cannot relay signal UKUITaskBar::popupShown(UKUITaskGroup*): Pointers are not supported: UKUITaskGroup*
Warning: QDBusAbstractAdaptor: Cannot relay signal UKUITaskBar::buttonRotationRefreshed(bool,IUKUIPanel::Position): Unregistered input type in parameter list: IUKUIPanel::Position
Warning: QDBusAbstractAdaptor: Cannot relay signal UKUITaskBar::buttonRotationRefreshed(bool,IUKUIPanel::Position): Unregistered input type in parameter list: IUKUIPanel::Position
Warning: QObject::connect: No such signal UKUITaskWidget::clicked()
Warning: QObject::connect:  (receiver name: 'peony-qt')
Warning: QDBusAbstractAdaptor: Cannot relay signal UKUITaskBar::buttonRotationRefreshed(bool,IUKUIPanel::Position): Unregistered input type in parameter list: IUKUIPanel::Position
Warning: QDBusAbstractAdaptor: Cannot relay signal UKUITaskBar::buttonRotationRefreshed(bool,IUKUIPanel::Position): Unregistered input type in parameter list: IUKUIPanel::Position
Debug: KWindowInfo(mWindow,NET::WMState).state(): QFlags(0x4|0x8|0x100)
Debug: KWindowInfo(mWindow,NET::WMState).state(): QFlags(0x4|0x8|0x100)
Debug: KWindowInfo(mWindow,NET::WMState).state(): QFlags(0x4|0x8|0x2000)
Debug: KWindowInfo(mWindow,NET::WMState).state(): QFlags(0x4|0x8|0x100)
Debug: KWindowInfo(mWindow,NET::WMState).state(): QFlags(0x4|0x8|0x2000)
