[2022-12-02 16:05:24.126] [140300883832512] [ERROR] [sogou] "GetOSInfo 317 /etc/os-version not existed"
[2022-12-02 16:05:24.127] [140300883832512] [ERROR] [sogou] "GetOSInfo 338 /etc/deepin-version not existed"
[2022-12-02 16:05:24.127] [140300883832512] [ERROR] [sogou] "GetOSInfo 317 /etc/os-version not existed"
[2022-12-02 16:05:24.127] [140300883832512] [ERROR] [sogou] "GetOSInfo 338 /etc/deepin-version not existed"
[2022-12-02 16:05:24.140] [140300883832512] [ERROR] [sogou] "IsValidDate 169 local:2022-12-2 pkg:9999-12-31"
[2022-12-02 16:05:24.141] [140300883832512] [ERROR] [sogou] "ComparDate 216 local:2022-12-02 pkg:1000-01-01"
[2022-12-02 16:05:24.141] [140300883832512] [ERROR] [sogou] "ComparDate 216 local:2022-12-02 pkg:9999-12-31"
[2022-12-02 16:05:24.141] [140300883832512] [ERROR] [sogou] "ComparDate 216 local:2022-12-02 pkg:1000-01-01"
[2022-12-02 16:05:24.141] [140300883832512] [ERROR] [sogou] "ComparDate 216 local:2022-12-02 pkg:9999-12-31"
[2022-12-02 16:05:25.776] [140300883832512] [ERROR] [sogou] "CheckSkins 1419 skindir:/home/zhaoxu/.config/sogoupinyin//skin"
[2022-12-02 16:05:25.777] [140300883832512] [ERROR] [sogou] "creatDBusService 84 bRet:1"
[2022-12-02 16:05:25.869] [140300883832512] [ERROR] [sogou] "InitShell 220 ime init"
[2022-12-02 16:05:25.869] [140300883832512] [ERROR] [sogou] "ShellWrapper::Init Init 23 "
[2022-12-02 16:05:25.870] [140300883832512] [ERROR] [sogou] "ShellWrapper::Init Init 36 g_pShell->Init:1"
[2022-12-02 16:05:25.870] [140300883832512] [ERROR] [sogou] "t_sogouIme Init 115 ShellWrapper Res:1"
[2022-12-02 16:05:25.873] [140300883832512] [ERROR] [sogou] "t_sogouIme Init 144 Days:2913568 mode:0"
[2022-12-02 16:05:25.873] [140300883832512] [ERROR] [sogou] "t_sogouIme Init 148 White:0"
[2022-12-02 16:05:25.873] [140300883832512] [ERROR] [sogou] "InitShell 230 ime init:1"
[2022-12-02 16:05:26.104] [140300883832512] [ERROR] [sogou] "out platformkit QDBusMessage type error"
[2022-12-02 16:05:26.106] [140300883832512] [ERROR] [sogou] "The name com.deepin.daemon.Appearance was not provided by any .service files"
[2022-12-02 16:05:26.106] [140300883832512] [ERROR] [sogou] "out platformkit GetOSTheme iface is not Valid return null"
[2022-12-02 16:13:54.637] [140300883832512] [ERROR] [sogou] "(MainController::slot_prepareShutdown) 1670026434"
[2022-12-02 16:13:54.686] [140300883724032] [ERROR] [sogou] "(ServiceProcess CrashHandler) Program exit, signal is 15.time:1670026434"
[2022-12-06 08:49:05.540] [140054536519360] [ERROR] [sogou] "GetOSInfo 317 /etc/os-version not existed"
[2022-12-06 08:49:05.542] [140054536519360] [ERROR] [sogou] "GetOSInfo 338 /etc/deepin-version not existed"
[2022-12-06 08:49:05.542] [140054536519360] [ERROR] [sogou] "GetOSInfo 317 /etc/os-version not existed"
[2022-12-06 08:49:05.542] [140054536519360] [ERROR] [sogou] "GetOSInfo 338 /etc/deepin-version not existed"
[2022-12-06 08:49:05.564] [140054536519360] [ERROR] [sogou] "IsValidDate 169 local:2022-12-6 pkg:9999-12-31"
[2022-12-06 08:49:05.564] [140054536519360] [ERROR] [sogou] "ComparDate 216 local:2022-12-06 pkg:1000-01-01"
[2022-12-06 08:49:05.564] [140054536519360] [ERROR] [sogou] "ComparDate 216 local:2022-12-06 pkg:9999-12-31"
[2022-12-06 08:49:05.565] [140054536519360] [ERROR] [sogou] "ComparDate 216 local:2022-12-06 pkg:1000-01-01"
[2022-12-06 08:49:05.565] [140054536519360] [ERROR] [sogou] "ComparDate 216 local:2022-12-06 pkg:9999-12-31"
[2022-12-06 08:49:07.353] [140054536519360] [ERROR] [sogou] "CheckSkins 1419 skindir:/home/zhaoxu/.config/sogoupinyin//skin"
[2022-12-06 08:49:07.353] [140054536519360] [ERROR] [sogou] "creatDBusService 84 bRet:1"
[2022-12-06 08:49:07.361] [140054536519360] [ERROR] [sogou] "InitShell 220 ime init"
[2022-12-06 08:49:07.363] [140054536519360] [ERROR] [sogou] "ShellWrapper::Init Init 23 "
[2022-12-06 08:49:07.364] [140054536519360] [ERROR] [sogou] "ShellWrapper::Init Init 36 g_pShell->Init:1"
[2022-12-06 08:49:07.364] [140054536519360] [ERROR] [sogou] "t_sogouIme Init 115 ShellWrapper Res:1"
[2022-12-06 08:49:07.366] [140054536519360] [ERROR] [sogou] "t_sogouIme Init 144 Days:2913564 mode:0"
[2022-12-06 08:49:07.366] [140054536519360] [ERROR] [sogou] "t_sogouIme Init 148 White:0"
[2022-12-06 08:49:07.366] [140054536519360] [ERROR] [sogou] "InitShell 230 ime init:1"
[2022-12-06 08:49:07.820] [140054536519360] [ERROR] [sogou] "out platformkit QDBusMessage type error"
[2022-12-06 08:49:07.834] [140054536519360] [ERROR] [sogou] "The name com.deepin.daemon.Appearance was not provided by any .service files"
[2022-12-06 08:49:07.834] [140054536519360] [ERROR] [sogou] "out platformkit GetOSTheme iface is not Valid return null"
[2022-12-06 10:09:52.453] [140054536519360] [ERROR] [sogou] "(MainController::slot_prepareShutdown) 1670350192"
[2022-12-06 10:09:52.544] [140054536519360] [ERROR] [sogou] "(ServiceProcess CrashHandler) Program exit, signal is 15.time:1670350192"
[2022-12-17 19:58:29.243] [140288609365696] [ERROR] [sogou] "GetOSInfo 317 /etc/os-version not existed"
[2022-12-17 19:58:29.244] [140288609365696] [ERROR] [sogou] "GetOSInfo 338 /etc/deepin-version not existed"
[2022-12-17 19:58:29.244] [140288609365696] [ERROR] [sogou] "GetOSInfo 317 /etc/os-version not existed"
[2022-12-17 19:58:29.244] [140288609365696] [ERROR] [sogou] "GetOSInfo 338 /etc/deepin-version not existed"
[2022-12-17 19:58:29.258] [140288609365696] [ERROR] [sogou] "IsValidDate 169 local:2022-12-17 pkg:9999-12-31"
[2022-12-17 19:58:29.258] [140288609365696] [ERROR] [sogou] "ComparDate 216 local:2022-12-17 pkg:1000-01-01"
[2022-12-17 19:58:29.258] [140288609365696] [ERROR] [sogou] "ComparDate 216 local:2022-12-17 pkg:9999-12-31"
[2022-12-17 19:58:29.258] [140288609365696] [ERROR] [sogou] "ComparDate 216 local:2022-12-17 pkg:1000-01-01"
[2022-12-17 19:58:29.258] [140288609365696] [ERROR] [sogou] "ComparDate 216 local:2022-12-17 pkg:9999-12-31"
[2022-12-17 19:58:31.081] [140288609365696] [ERROR] [sogou] "CheckSkins 1419 skindir:/home/zhaoxu/.config/sogoupinyin//skin"
[2022-12-17 19:58:31.081] [140288609365696] [ERROR] [sogou] "creatDBusService 84 bRet:1"
[2022-12-17 19:58:31.089] [140288609365696] [ERROR] [sogou] "InitShell 220 ime init"
[2022-12-17 19:58:31.091] [140288609365696] [ERROR] [sogou] "ShellWrapper::Init Init 23 "
[2022-12-17 19:58:31.092] [140288609365696] [ERROR] [sogou] "ShellWrapper::Init Init 36 g_pShell->Init:1"
[2022-12-17 19:58:31.092] [140288609365696] [ERROR] [sogou] "t_sogouIme Init 115 ShellWrapper Res:1"
[2022-12-17 19:58:31.095] [140288609365696] [ERROR] [sogou] "t_sogouIme Init 144 Days:2913553 mode:0"
[2022-12-17 19:58:31.095] [140288609365696] [ERROR] [sogou] "t_sogouIme Init 148 White:0"
[2022-12-17 19:58:31.095] [140288609365696] [ERROR] [sogou] "InitShell 230 ime init:1"
[2022-12-17 19:58:31.370] [140288609365696] [ERROR] [sogou] "out platformkit QDBusMessage type error"
[2022-12-17 19:58:31.371] [140288609365696] [ERROR] [sogou] "The name com.deepin.daemon.Appearance was not provided by any .service files"
[2022-12-17 19:58:31.371] [140288609365696] [ERROR] [sogou] "out platformkit GetOSTheme iface is not Valid return null"
[2022-12-21 19:43:31.783] [140472306163392] [ERROR] [sogou] "GetOSInfo 317 /etc/os-version not existed"
[2022-12-21 19:43:31.785] [140472306163392] [ERROR] [sogou] "GetOSInfo 338 /etc/deepin-version not existed"
[2022-12-21 19:43:31.785] [140472306163392] [ERROR] [sogou] "GetOSInfo 317 /etc/os-version not existed"
[2022-12-21 19:43:31.785] [140472306163392] [ERROR] [sogou] "GetOSInfo 338 /etc/deepin-version not existed"
[2022-12-21 19:43:31.802] [140472306163392] [ERROR] [sogou] "IsValidDate 169 local:2022-12-21 pkg:9999-12-31"
[2022-12-21 19:43:31.802] [140472306163392] [ERROR] [sogou] "ComparDate 216 local:2022-12-21 pkg:1000-01-01"
[2022-12-21 19:43:31.802] [140472306163392] [ERROR] [sogou] "ComparDate 216 local:2022-12-21 pkg:9999-12-31"
[2022-12-21 19:43:31.802] [140472306163392] [ERROR] [sogou] "ComparDate 216 local:2022-12-21 pkg:1000-01-01"
[2022-12-21 19:43:31.802] [140472306163392] [ERROR] [sogou] "ComparDate 216 local:2022-12-21 pkg:9999-12-31"
[2022-12-21 19:43:33.413] [140472306163392] [ERROR] [sogou] "CheckSkins 1419 skindir:/home/zhaoxu/.config/sogoupinyin//skin"
[2022-12-21 19:43:33.413] [140472306163392] [ERROR] [sogou] "creatDBusService 84 bRet:1"
[2022-12-21 19:43:33.421] [140472306163392] [ERROR] [sogou] "InitShell 220 ime init"
[2022-12-21 19:43:33.422] [140472306163392] [ERROR] [sogou] "ShellWrapper::Init Init 23 "
[2022-12-21 19:43:33.423] [140472306163392] [ERROR] [sogou] "ShellWrapper::Init Init 36 g_pShell->Init:1"
[2022-12-21 19:43:33.423] [140472306163392] [ERROR] [sogou] "t_sogouIme Init 115 ShellWrapper Res:1"
[2022-12-21 19:43:33.426] [140472306163392] [ERROR] [sogou] "t_sogouIme Init 144 Days:2913549 mode:0"
[2022-12-21 19:43:33.426] [140472306163392] [ERROR] [sogou] "t_sogouIme Init 148 White:0"
[2022-12-21 19:43:33.426] [140472306163392] [ERROR] [sogou] "InitShell 230 ime init:1"
[2022-12-21 19:43:33.683] [140472306163392] [ERROR] [sogou] "out platformkit QDBusMessage type error"
[2022-12-21 19:43:33.684] [140472306163392] [ERROR] [sogou] "The name com.deepin.daemon.Appearance was not provided by any .service files"
[2022-12-21 19:43:33.684] [140472306163392] [ERROR] [sogou] "out platformkit GetOSTheme iface is not Valid return null"
[2022-12-21 20:07:45.156] [139817419329216] [ERROR] [sogou] "GetOSInfo 317 /etc/os-version not existed"
[2022-12-21 20:07:45.156] [139817419329216] [ERROR] [sogou] "GetOSInfo 338 /etc/deepin-version not existed"
[2022-12-21 20:07:45.156] [139817419329216] [ERROR] [sogou] "GetOSInfo 317 /etc/os-version not existed"
[2022-12-21 20:07:45.156] [139817419329216] [ERROR] [sogou] "GetOSInfo 338 /etc/deepin-version not existed"
[2022-12-21 20:07:45.157] [139817419329216] [ERROR] [sogou] "IsValidDate 169 local:2022-12-21 pkg:9999-12-31"
[2022-12-21 20:07:45.157] [139817419329216] [ERROR] [sogou] "ComparDate 216 local:2022-12-21 pkg:1000-01-01"
[2022-12-21 20:07:45.157] [139817419329216] [ERROR] [sogou] "ComparDate 216 local:2022-12-21 pkg:9999-12-31"
[2022-12-21 20:07:45.157] [139817419329216] [ERROR] [sogou] "ComparDate 216 local:2022-12-21 pkg:1000-01-01"
[2022-12-21 20:07:45.157] [139817419329216] [ERROR] [sogou] "ComparDate 216 local:2022-12-21 pkg:9999-12-31"
[2022-12-21 20:07:45.236] [139817419329216] [ERROR] [sogou] "CheckSkins 1419 skindir:/home/zhaoxu/.config/sogoupinyin//skin"
[2022-12-21 20:07:45.236] [139817419329216] [ERROR] [sogou] "creatDBusService 84 bRet:1"
[2022-12-21 20:07:45.237] [139817419329216] [ERROR] [sogou] "InitShell 220 ime init"
[2022-12-21 20:07:45.238] [139817419329216] [ERROR] [sogou] "ShellWrapper::Init Init 23 "
[2022-12-21 20:07:45.238] [139817419329216] [ERROR] [sogou] "ShellWrapper::Init Init 36 g_pShell->Init:1"
[2022-12-21 20:07:45.239] [139817419329216] [ERROR] [sogou] "t_sogouIme Init 115 ShellWrapper Res:1"
[2022-12-21 20:07:45.239] [139817419329216] [ERROR] [sogou] "t_sogouIme Init 144 Days:2913549 mode:0"
[2022-12-21 20:07:45.239] [139817419329216] [ERROR] [sogou] "t_sogouIme Init 148 White:0"
[2022-12-21 20:07:45.239] [139817419329216] [ERROR] [sogou] "InitShell 230 ime init:1"
[2022-12-21 20:07:45.266] [139817419329216] [ERROR] [sogou] "out platformkit QDBusMessage type error"
[2022-12-21 20:07:45.267] [139817419329216] [ERROR] [sogou] "The name com.deepin.daemon.Appearance was not provided by any .service files"
[2022-12-21 20:07:45.267] [139817419329216] [ERROR] [sogou] "out platformkit GetOSTheme iface is not Valid return null"
[2022-12-21 20:07:45.370] [139817419329216] [ERROR] [sogou] "out platformkit QDBusMessage type error"
[2022-12-21 20:07:45.371] [139817419329216] [ERROR] [sogou] "The name com.deepin.daemon.Appearance was not provided by any .service files"
[2022-12-21 20:07:45.371] [139817419329216] [ERROR] [sogou] "out platformkit GetOSTheme iface is not Valid return null"
